2023-04-13 10:48:02.277 [info] Started initializing default profile extensions in extensions installation folder. file:///home/jmiller/.vscode-oss/extensions
2023-04-13 10:48:02.406 [info] Completed initializing default profile extensions in extensions installation folder. file:///home/jmiller/.vscode-oss/extensions
2023-04-13 10:48:05.255 [info] [perf] Render performance baseline is 32ms
2023-04-13 10:48:07.505 [error] Could not find category with ID: Intermediate: Error: Could not find category with ID: Intermediate
    at vscode-file://vscode-app/usr/lib/code/out/vs/workbench/workbench.desktop.main.js:2548:53844
    at g.invoke (vscode-file://vscode-app/usr/lib/code/out/vs/workbench/workbench.desktop.main.js:86:145)
    at o.deliver (vscode-file://vscode-app/usr/lib/code/out/vs/workbench/workbench.desktop.main.js:86:2121)
    at l.fire (vscode-file://vscode-app/usr/lib/code/out/vs/workbench/workbench.desktop.main.js:86:1729)
    at B.progressStep (vscode-file://vscode-app/usr/lib/code/out/vs/workbench/workbench.desktop.main.js:1896:27216)
    at vscode-file://vscode-app/usr/lib/code/out/vs/workbench/workbench.desktop.main.js:1896:27411
    at Set.forEach (<anonymous>)
    at B.progressByEvent (vscode-file://vscode-app/usr/lib/code/out/vs/workbench/workbench.desktop.main.js:1896:27395)
    at vscode-file://vscode-app/usr/lib/code/out/vs/workbench/workbench.desktop.main.js:1896:22618
    at Set.forEach (<anonymous>)
    at vscode-file://vscode-app/usr/lib/code/out/vs/workbench/workbench.desktop.main.js:1896:22536
    at g.invoke (vscode-file://vscode-app/usr/lib/code/out/vs/workbench/workbench.desktop.main.js:86:145)
    at o.deliver (vscode-file://vscode-app/usr/lib/code/out/vs/workbench/workbench.desktop.main.js:86:2121)
    at u.fire (vscode-file://vscode-app/usr/lib/code/out/vs/workbench/workbench.desktop.main.js:86:1729)
    at u.fire (vscode-file://vscode-app/usr/lib/code/out/vs/workbench/workbench.desktop.main.js:86:3215)
    at n.setContext (vscode-file://vscode-app/usr/lib/code/out/vs/workbench/workbench.desktop.main.js:613:48543)
    at l.reset (vscode-file://vscode-app/usr/lib/code/out/vs/workbench/workbench.desktop.main.js:613:46972)
    at new l (vscode-file://vscode-app/usr/lib/code/out/vs/workbench/workbench.desktop.main.js:613:46867)
    at n.createKey (vscode-file://vscode-app/usr/lib/code/out/vs/workbench/workbench.desktop.main.js:613:47849)
    at E (vscode-file://vscode-app/usr/lib/code/out/vs/workbench/workbench.desktop.main.js:613:51621)
    at h.invokeFunction (vscode-file://vscode-app/usr/lib/code/out/vs/workbench/workbench.desktop.main.js:615:360)
    at w.k (vscode-file://vscode-app/usr/lib/code/out/vs/workbench/workbench.desktop.main.js:1570:13475)
    at w.executeCommand (vscode-file://vscode-app/usr/lib/code/out/vs/workbench/workbench.desktop.main.js:1570:13037)
    at w.$executeCommand (vscode-file://vscode-app/usr/lib/code/out/vs/workbench/workbench.desktop.main.js:1579:638)
    at b.N (vscode-file://vscode-app/usr/lib/code/out/vs/workbench/workbench.desktop.main.js:1593:15228)
    at b.M (vscode-file://vscode-app/usr/lib/code/out/vs/workbench/workbench.desktop.main.js:1593:14946)
    at b.H (vscode-file://vscode-app/usr/lib/code/out/vs/workbench/workbench.desktop.main.js:1593:14039)
    at b.G (vscode-file://vscode-app/usr/lib/code/out/vs/workbench/workbench.desktop.main.js:1593:13020)
    at vscode-file://vscode-app/usr/lib/code/out/vs/workbench/workbench.desktop.main.js:1593:11808
    at g.invoke (vscode-file://vscode-app/usr/lib/code/out/vs/workbench/workbench.desktop.main.js:86:145)
    at o.deliver (vscode-file://vscode-app/usr/lib/code/out/vs/workbench/workbench.desktop.main.js:86:2121)
    at l.fire (vscode-file://vscode-app/usr/lib/code/out/vs/workbench/workbench.desktop.main.js:86:1729)
    at u.fire (vscode-file://vscode-app/usr/lib/code/out/vs/workbench/workbench.desktop.main.js:556:15210)
    at k.E (vscode-file://vscode-app/usr/lib/code/out/vs/workbench/workbench.desktop.main.js:556:19276)
    at vscode-file://vscode-app/usr/lib/code/out/vs/workbench/workbench.desktop.main.js:556:17264
    at g.invoke (vscode-file://vscode-app/usr/lib/code/out/vs/workbench/workbench.desktop.main.js:86:145)
    at o.deliver (vscode-file://vscode-app/usr/lib/code/out/vs/workbench/workbench.desktop.main.js:86:2121)
    at l.fire (vscode-file://vscode-app/usr/lib/code/out/vs/workbench/workbench.desktop.main.js:86:1729)
    at d.acceptChunk (vscode-file://vscode-app/usr/lib/code/out/vs/workbench/workbench.desktop.main.js:556:12941)
    at vscode-file://vscode-app/usr/lib/code/out/vs/workbench/workbench.desktop.main.js:556:12228
    at Socket.k (vscode-file://vscode-app/usr/lib/code/out/vs/workbench/workbench.desktop.main.js:556:22764)
    at Socket.emit (node:events:526:28)
    at addChunk (node:internal/streams/readable:315:12)
    at readableAddChunk (node:internal/streams/readable:289:9)
    at Readable.push (node:internal/streams/readable:228:10)
    at Pipe.onStreamRead (node:internal/stream_base_commons:190:23)
2023-04-13 10:49:27.007 [info] Importing Profile (Default): No keybindings to apply...
2023-04-13 10:49:27.007 [info] Importing Profile (Default): No keybindings to apply...
2023-04-13 10:49:27.010 [info] Importing Profile (Default): No tasks to apply...
2023-04-13 10:49:27.011 [info] Importing Profile (Default): No tasks to apply...
2023-04-13 10:49:35.005 [error] Could not find category with ID: Setup: Error: Could not find category with ID: Setup
    at vscode-file://vscode-app/usr/lib/code/out/vs/workbench/workbench.desktop.main.js:2548:53844
    at g.invoke (vscode-file://vscode-app/usr/lib/code/out/vs/workbench/workbench.desktop.main.js:86:145)
    at o.deliver (vscode-file://vscode-app/usr/lib/code/out/vs/workbench/workbench.desktop.main.js:86:2121)
    at l.fire (vscode-file://vscode-app/usr/lib/code/out/vs/workbench/workbench.desktop.main.js:86:1729)
    at B.progressStep (vscode-file://vscode-app/usr/lib/code/out/vs/workbench/workbench.desktop.main.js:1896:27216)
    at vscode-file://vscode-app/usr/lib/code/out/vs/workbench/workbench.desktop.main.js:1896:27411
    at Set.forEach (<anonymous>)
    at B.progressByEvent (vscode-file://vscode-app/usr/lib/code/out/vs/workbench/workbench.desktop.main.js:1896:27395)
    at vscode-file://vscode-app/usr/lib/code/out/vs/workbench/workbench.desktop.main.js:1896:22015
    at g.invoke (vscode-file://vscode-app/usr/lib/code/out/vs/workbench/workbench.desktop.main.js:86:145)
    at o.deliver (vscode-file://vscode-app/usr/lib/code/out/vs/workbench/workbench.desktop.main.js:86:2121)
    at l.fire (vscode-file://vscode-app/usr/lib/code/out/vs/workbench/workbench.desktop.main.js:86:1729)
    at w.k (vscode-file://vscode-app/usr/lib/code/out/vs/workbench/workbench.desktop.main.js:1570:13520)
    at w.executeCommand (vscode-file://vscode-app/usr/lib/code/out/vs/workbench/workbench.desktop.main.js:1570:13037)
    at br.run (vscode-file://vscode-app/usr/lib/code/out/vs/workbench/workbench.desktop.main.js:647:17040)
    at D.k (vscode-file://vscode-app/usr/lib/code/out/vs/workbench/workbench.desktop.main.js:86:14986)
    at D.run (vscode-file://vscode-app/usr/lib/code/out/vs/workbench/workbench.desktop.main.js:86:14913)
    at p.l (vscode-file://vscode-app/usr/lib/code/out/vs/workbench/workbench.desktop.main.js:1200:36404)
    at Object.click (vscode-file://vscode-app/usr/lib/code/out/vs/workbench/workbench.desktop.main.js:1200:36039)
    at EventEmitter.s (vscode-file://vscode-app/usr/lib/code/out/vs/workbench/workbench.desktop.main.js:556:33586)
    at Object.onceWrapper (node:events:646:26)
    at EventEmitter.emit (node:events:526:28)
    at Object.onMessage (node:electron/js2c/renderer_init:69:755)
2023-04-13 10:49:35.005 [error] Could not find category with ID: SetupWeb: Error: Could not find category with ID: SetupWeb
    at vscode-file://vscode-app/usr/lib/code/out/vs/workbench/workbench.desktop.main.js:2548:53844
    at g.invoke (vscode-file://vscode-app/usr/lib/code/out/vs/workbench/workbench.desktop.main.js:86:145)
    at o.deliver (vscode-file://vscode-app/usr/lib/code/out/vs/workbench/workbench.desktop.main.js:86:2121)
    at l.fire (vscode-file://vscode-app/usr/lib/code/out/vs/workbench/workbench.desktop.main.js:86:1729)
    at B.progressStep (vscode-file://vscode-app/usr/lib/code/out/vs/workbench/workbench.desktop.main.js:1896:27216)
    at vscode-file://vscode-app/usr/lib/code/out/vs/workbench/workbench.desktop.main.js:1896:27411
    at Set.forEach (<anonymous>)
    at B.progressByEvent (vscode-file://vscode-app/usr/lib/code/out/vs/workbench/workbench.desktop.main.js:1896:27395)
    at vscode-file://vscode-app/usr/lib/code/out/vs/workbench/workbench.desktop.main.js:1896:22015
    at g.invoke (vscode-file://vscode-app/usr/lib/code/out/vs/workbench/workbench.desktop.main.js:86:145)
    at o.deliver (vscode-file://vscode-app/usr/lib/code/out/vs/workbench/workbench.desktop.main.js:86:2121)
    at l.fire (vscode-file://vscode-app/usr/lib/code/out/vs/workbench/workbench.desktop.main.js:86:1729)
    at w.k (vscode-file://vscode-app/usr/lib/code/out/vs/workbench/workbench.desktop.main.js:1570:13520)
    at w.executeCommand (vscode-file://vscode-app/usr/lib/code/out/vs/workbench/workbench.desktop.main.js:1570:13037)
    at br.run (vscode-file://vscode-app/usr/lib/code/out/vs/workbench/workbench.desktop.main.js:647:17040)
    at D.k (vscode-file://vscode-app/usr/lib/code/out/vs/workbench/workbench.desktop.main.js:86:14986)
    at D.run (vscode-file://vscode-app/usr/lib/code/out/vs/workbench/workbench.desktop.main.js:86:14913)
    at p.l (vscode-file://vscode-app/usr/lib/code/out/vs/workbench/workbench.desktop.main.js:1200:36404)
    at Object.click (vscode-file://vscode-app/usr/lib/code/out/vs/workbench/workbench.desktop.main.js:1200:36039)
    at EventEmitter.s (vscode-file://vscode-app/usr/lib/code/out/vs/workbench/workbench.desktop.main.js:556:33586)
    at Object.onceWrapper (node:events:646:26)
    at EventEmitter.emit (node:events:526:28)
    at Object.onMessage (node:electron/js2c/renderer_init:69:755)
