2023-04-13 11:13:46.674 [info] Log level: Info
2023-04-13 11:13:46.674 [info] Validating found git in: "git"
2023-04-13 11:13:46.674 [info] Using git "2.40.0" from "git"
2023-04-13 11:13:46.674 [info] > git rev-parse --show-toplevel [3ms]
2023-04-13 11:13:46.674 [info] > git rev-parse --git-dir --git-common-dir [0ms]
2023-04-13 11:13:46.678 [info] Open repository: /home/jmiller/.config/dwm
2023-04-13 11:13:46.695 [info] > git rev-parse --show-toplevel [14ms]
2023-04-13 11:13:46.697 [info] > git config --get commit.template [4ms]
2023-04-13 11:13:46.702 [info] > git for-each-ref --format=%(refname)%00%(upstream:short)%00%(objectname)%00%(upstream:track)%00%(upstream:remotename)%00%(upstream:remoteref) refs/heads/master refs/remotes/master [1ms]
2023-04-13 11:13:46.706 [info] > git status -z -uall [1ms]
2023-04-13 11:13:46.715 [info] > git config --get commit.template [4ms]
2023-04-13 11:13:46.716 [info] > git for-each-ref --format=%(refname)%00%(upstream:short)%00%(objectname)%00%(upstream:track)%00%(upstream:remotename)%00%(upstream:remoteref) refs/heads/master refs/remotes/master [2ms]
2023-04-13 11:13:46.719 [info] > git status -z -uall [1ms]
2023-04-13 11:13:47.189 [info] > git check-ignore -v -z --stdin [1ms]
2023-04-13 11:13:49.514 [info] > git show --textconv :drw.c [4ms]
2023-04-13 11:13:49.514 [info] > git ls-files --stage -- /home/jmiller/.config/dwm/drw.c [1ms]
2023-04-13 11:13:49.518 [info] > git cat-file -s a58a2b4896500cd7c3b61fbdc626cd42cd9df40e [1ms]
2023-04-13 11:13:53.775 [info] > git show --textconv :config.def.h [4ms]
2023-04-13 11:13:53.775 [info] > git ls-files --stage -- /home/jmiller/.config/dwm/config.def.h [0ms]
2023-04-13 11:13:53.780 [info] > git cat-file -s 9efa7744b39c8b0ff0cf09a504a2539910c2881c [1ms]
2023-04-13 11:13:59.103 [info] > git show --textconv :shiftview.c [3ms]
2023-04-13 11:13:59.103 [info] > git ls-files --stage -- /home/jmiller/.config/dwm/shiftview.c [0ms]
2023-04-13 11:14:02.415 [info] > git show --textconv :config.h [3ms]
2023-04-13 11:14:02.415 [info] > git ls-files --stage -- /home/jmiller/.config/dwm/config.h [0ms]
2023-04-13 11:14:03.187 [info] > git show --textconv :config.def.h [3ms]
2023-04-13 11:14:03.188 [info] > git ls-files --stage -- /home/jmiller/.config/dwm/config.def.h [0ms]
2023-04-13 11:14:03.191 [info] > git cat-file -s 9efa7744b39c8b0ff0cf09a504a2539910c2881c [1ms]
2023-04-13 11:14:24.141 [info] > git show --textconv :config.h [3ms]
2023-04-13 11:14:24.142 [info] > git ls-files --stage -- /home/jmiller/.config/dwm/config.h [1ms]
2023-04-13 11:16:49.568 [info] > git show --textconv :config.def.h [3ms]
2023-04-13 11:16:49.569 [info] > git ls-files --stage -- /home/jmiller/.config/dwm/config.def.h [1ms]
2023-04-13 11:16:49.572 [info] > git cat-file -s 9efa7744b39c8b0ff0cf09a504a2539910c2881c [1ms]
2023-04-13 11:21:29.105 [info] > git show --textconv :config.h [3ms]
2023-04-13 11:21:29.106 [info] > git ls-files --stage -- /home/jmiller/.config/dwm/config.h [1ms]
2023-04-13 11:21:38.125 [info] > git show --textconv :config.def.h [3ms]
2023-04-13 11:21:38.126 [info] > git ls-files --stage -- /home/jmiller/.config/dwm/config.def.h [1ms]
2023-04-13 11:21:38.129 [info] > git cat-file -s 9efa7744b39c8b0ff0cf09a504a2539910c2881c [1ms]
2023-04-13 11:21:49.589 [info] > git config --get commit.template [4ms]
2023-04-13 11:21:49.589 [info] > git for-each-ref --format=%(refname)%00%(upstream:short)%00%(objectname)%00%(upstream:track)%00%(upstream:remotename)%00%(upstream:remoteref) refs/heads/master refs/remotes/master [0ms]
2023-04-13 11:21:49.596 [info] > git status -z -uall [3ms]
2023-04-13 11:21:49.598 [info] > git ls-files --stage -- /home/jmiller/.config/dwm/config.def.h [1ms]
2023-04-13 11:21:49.602 [info] > git cat-file -s 9efa7744b39c8b0ff0cf09a504a2539910c2881c [1ms]
2023-04-13 11:21:49.610 [info] > git show --textconv :config.def.h [1ms]
2023-04-13 11:21:54.792 [info] > git show --textconv :config.h [2ms]
2023-04-13 11:21:54.793 [info] > git ls-files --stage -- /home/jmiller/.config/dwm/config.h [1ms]
2023-04-13 11:25:34.696 [info] > git check-ignore -v -z --stdin [0ms]
2023-04-13 11:26:09.626 [info] > git config --get commit.template [3ms]
2023-04-13 11:26:09.626 [info] > git for-each-ref --format=%(refname)%00%(upstream:short)%00%(objectname)%00%(upstream:track)%00%(upstream:remotename)%00%(upstream:remoteref) refs/heads/master refs/remotes/master [0ms]
2023-04-13 11:26:09.630 [info] > git status -z -uall [1ms]
2023-04-13 11:38:44.765 [info] > git config --get commit.template [3ms]
2023-04-13 11:38:44.766 [info] > git for-each-ref --format=%(refname)%00%(upstream:short)%00%(objectname)%00%(upstream:track)%00%(upstream:remotename)%00%(upstream:remoteref) refs/heads/master refs/remotes/master [1ms]
2023-04-13 11:38:44.770 [info] > git status -z -uall [1ms]
2023-04-13 11:39:10.891 [info] > git show --textconv :Makefile [3ms]
2023-04-13 11:39:10.891 [info] > git ls-files --stage -- /home/jmiller/.config/dwm/Makefile [0ms]
2023-04-13 11:39:10.895 [info] > git cat-file -s 77bcbc02c29571c5eb4797f058e696277fb6f454 [1ms]
2023-04-13 11:39:13.242 [info] > git show --textconv :config.mk [3ms]
2023-04-13 11:39:13.243 [info] > git ls-files --stage -- /home/jmiller/.config/dwm/config.mk [0ms]
2023-04-13 11:39:13.246 [info] > git cat-file -s ba64d3d187e9f83a87bc21ff34d96c001e74e58c [1ms]
2023-04-13 11:39:34.724 [info] > git show --textconv :Makefile [3ms]
2023-04-13 11:39:34.724 [info] > git ls-files --stage -- /home/jmiller/.config/dwm/Makefile [0ms]
2023-04-13 11:39:34.728 [info] > git cat-file -s 77bcbc02c29571c5eb4797f058e696277fb6f454 [1ms]
2023-04-13 11:39:58.989 [info] > git show --textconv :shiftview.c [3ms]
2023-04-13 11:39:58.990 [info] > git ls-files --stage -- /home/jmiller/.config/dwm/shiftview.c [1ms]
2023-04-13 11:40:16.531 [info] > git show --textconv :shiftview.h [4ms]
2023-04-13 11:40:16.531 [info] > git ls-files --stage -- /home/jmiller/.config/dwm/shiftview.h [1ms]
2023-04-13 11:40:16.825 [info] > git check-ignore -v -z --stdin [0ms]
2023-04-13 11:40:17.370 [info] > git config --get commit.template [3ms]
2023-04-13 11:40:17.370 [info] > git for-each-ref --format=%(refname)%00%(upstream:short)%00%(objectname)%00%(upstream:track)%00%(upstream:remotename)%00%(upstream:remoteref) refs/heads/master refs/remotes/master [0ms]
2023-04-13 11:40:17.374 [info] > git status -z -uall [1ms]
2023-04-13 11:40:59.932 [info] > git config --get commit.template [3ms]
2023-04-13 11:40:59.933 [info] > git for-each-ref --format=%(refname)%00%(upstream:short)%00%(objectname)%00%(upstream:track)%00%(upstream:remotename)%00%(upstream:remoteref) refs/heads/master refs/remotes/master [1ms]
2023-04-13 11:40:59.936 [info] > git status -z -uall [1ms]
2023-04-13 11:41:15.167 [info] > git config --get commit.template [3ms]
2023-04-13 11:41:15.168 [info] > git for-each-ref --format=%(refname)%00%(upstream:short)%00%(objectname)%00%(upstream:track)%00%(upstream:remotename)%00%(upstream:remoteref) refs/heads/master refs/remotes/master [0ms]
2023-04-13 11:41:15.171 [info] > git status -z -uall [1ms]
2023-04-13 11:41:20.985 [info] > git config --get commit.template [3ms]
2023-04-13 11:41:20.986 [info] > git for-each-ref --format=%(refname)%00%(upstream:short)%00%(objectname)%00%(upstream:track)%00%(upstream:remotename)%00%(upstream:remoteref) refs/heads/master refs/remotes/master [1ms]
2023-04-13 11:41:20.989 [info] > git status -z -uall [1ms]
2023-04-13 11:42:02.856 [info] > git config --get commit.template [3ms]
2023-04-13 11:42:02.857 [info] > git for-each-ref --format=%(refname)%00%(upstream:short)%00%(objectname)%00%(upstream:track)%00%(upstream:remotename)%00%(upstream:remoteref) refs/heads/master refs/remotes/master [1ms]
2023-04-13 11:42:02.861 [info] > git status -z -uall [1ms]
2023-04-13 11:42:07.869 [info] > git config --get commit.template [3ms]
2023-04-13 11:42:07.869 [info] > git for-each-ref --format=%(refname)%00%(upstream:short)%00%(objectname)%00%(upstream:track)%00%(upstream:remotename)%00%(upstream:remoteref) refs/heads/master refs/remotes/master [1ms]
2023-04-13 11:42:07.873 [info] > git status -z -uall [1ms]
2023-04-13 11:42:21.195 [info] > git show --textconv :drw.c [2ms]
2023-04-13 11:42:21.196 [info] > git ls-files --stage -- /home/jmiller/.config/dwm/drw.c [1ms]
2023-04-13 11:42:21.199 [info] > git cat-file -s a58a2b4896500cd7c3b61fbdc626cd42cd9df40e [1ms]
2023-04-13 11:42:41.585 [info] > git config --get commit.template [4ms]
2023-04-13 11:42:41.585 [info] > git for-each-ref --format=%(refname)%00%(upstream:short)%00%(objectname)%00%(upstream:track)%00%(upstream:remotename)%00%(upstream:remoteref) refs/heads/master refs/remotes/master [1ms]
2023-04-13 11:42:41.589 [info] > git status -z -uall [1ms]
2023-04-13 11:42:48.063 [info] > git config --get commit.template [3ms]
2023-04-13 11:42:48.063 [info] > git for-each-ref --format=%(refname)%00%(upstream:short)%00%(objectname)%00%(upstream:track)%00%(upstream:remotename)%00%(upstream:remoteref) refs/heads/master refs/remotes/master [0ms]
2023-04-13 11:42:48.067 [info] > git status -z -uall [1ms]
2023-04-13 11:42:57.919 [info] > git config --get commit.template [4ms]
2023-04-13 11:42:57.919 [info] > git for-each-ref --format=%(refname)%00%(upstream:short)%00%(objectname)%00%(upstream:track)%00%(upstream:remotename)%00%(upstream:remoteref) refs/heads/master refs/remotes/master [1ms]
2023-04-13 11:42:57.923 [info] > git status -z -uall [1ms]
2023-04-13 11:43:46.100 [info] > git config --get commit.template [3ms]
2023-04-13 11:43:46.101 [info] > git for-each-ref --format=%(refname)%00%(upstream:short)%00%(objectname)%00%(upstream:track)%00%(upstream:remotename)%00%(upstream:remoteref) refs/heads/master refs/remotes/master [1ms]
2023-04-13 11:43:46.105 [info] > git status -z -uall [1ms]
2023-04-13 11:43:51.113 [info] > git config --get commit.template [3ms]
2023-04-13 11:43:51.113 [info] > git for-each-ref --format=%(refname)%00%(upstream:short)%00%(objectname)%00%(upstream:track)%00%(upstream:remotename)%00%(upstream:remoteref) refs/heads/master refs/remotes/master [1ms]
2023-04-13 11:43:51.120 [info] > git status -z -uall [1ms]
2023-04-13 11:44:54.545 [info] > git show --textconv :shiftview.c [3ms]
2023-04-13 11:44:54.545 [info] > git ls-files --stage -- /home/jmiller/.config/dwm/shiftview.c [0ms]
2023-04-13 11:50:47.942 [info] > git config --get commit.template [4ms]
2023-04-13 11:50:47.942 [info] > git for-each-ref --format=%(refname)%00%(upstream:short)%00%(objectname)%00%(upstream:track)%00%(upstream:remotename)%00%(upstream:remoteref) refs/heads/master refs/remotes/master [0ms]
2023-04-13 11:50:47.946 [info] > git status -z -uall [1ms]
2023-04-13 11:51:00.700 [info] > git config --get commit.template [3ms]
2023-04-13 11:51:00.700 [info] > git for-each-ref --format=%(refname)%00%(upstream:short)%00%(objectname)%00%(upstream:track)%00%(upstream:remotename)%00%(upstream:remoteref) refs/heads/master refs/remotes/master [0ms]
2023-04-13 11:51:00.704 [info] > git status -z -uall [1ms]
2023-04-13 11:51:05.712 [info] > git config --get commit.template [2ms]
2023-04-13 11:51:05.712 [info] > git for-each-ref --format=%(refname)%00%(upstream:short)%00%(objectname)%00%(upstream:track)%00%(upstream:remotename)%00%(upstream:remoteref) refs/heads/master refs/remotes/master [1ms]
2023-04-13 11:51:05.716 [info] > git status -z -uall [1ms]
2023-04-13 11:51:12.275 [info] > git config --get commit.template [2ms]
2023-04-13 11:51:12.276 [info] > git for-each-ref --format=%(refname)%00%(upstream:short)%00%(objectname)%00%(upstream:track)%00%(upstream:remotename)%00%(upstream:remoteref) refs/heads/master refs/remotes/master [1ms]
2023-04-13 11:51:12.280 [info] > git status -z -uall [1ms]
2023-04-13 11:51:17.288 [info] > git config --get commit.template [3ms]
2023-04-13 11:51:17.288 [info] > git for-each-ref --format=%(refname)%00%(upstream:short)%00%(objectname)%00%(upstream:track)%00%(upstream:remotename)%00%(upstream:remoteref) refs/heads/master refs/remotes/master [1ms]
2023-04-13 11:51:17.292 [info] > git status -z -uall [1ms]
2023-04-13 11:51:38.812 [info] > git config --get commit.template [3ms]
2023-04-13 11:51:38.812 [info] > git for-each-ref --format=%(refname)%00%(upstream:short)%00%(objectname)%00%(upstream:track)%00%(upstream:remotename)%00%(upstream:remoteref) refs/heads/master refs/remotes/master [1ms]
2023-04-13 11:51:38.816 [info] > git status -z -uall [0ms]
2023-04-13 11:51:58.797 [info] > git config --get commit.template [3ms]
2023-04-13 11:51:58.797 [info] > git for-each-ref --format=%(refname)%00%(upstream:short)%00%(objectname)%00%(upstream:track)%00%(upstream:remotename)%00%(upstream:remoteref) refs/heads/master refs/remotes/master [0ms]
2023-04-13 11:51:58.802 [info] > git status -z -uall [1ms]
2023-04-13 11:52:03.809 [info] > git config --get commit.template [3ms]
2023-04-13 11:52:03.809 [info] > git for-each-ref --format=%(refname)%00%(upstream:short)%00%(objectname)%00%(upstream:track)%00%(upstream:remotename)%00%(upstream:remoteref) refs/heads/master refs/remotes/master [1ms]
2023-04-13 11:52:03.813 [info] > git status -z -uall [1ms]
2023-04-13 11:52:25.048 [info] > git config --get commit.template [3ms]
2023-04-13 11:52:25.049 [info] > git for-each-ref --format=%(refname)%00%(upstream:short)%00%(objectname)%00%(upstream:track)%00%(upstream:remotename)%00%(upstream:remoteref) refs/heads/master refs/remotes/master [1ms]
2023-04-13 11:52:25.052 [info] > git status -z -uall [1ms]
