2023-04-13 13:11:02.019 [info] Log level: Info
2023-04-13 13:11:02.019 [info] Validating found git in: "git"
2023-04-13 13:11:02.019 [info] Using git "2.40.0" from "git"
2023-04-13 13:11:02.019 [info] > git rev-parse --show-toplevel [2ms]
2023-04-13 13:11:02.029 [info] > git rev-parse --git-dir --git-common-dir [9ms]
2023-04-13 13:11:02.031 [info] Open repository: /home/jmiller/dotfiles
2023-04-13 13:11:02.042 [info] > git config --get commit.template [6ms]
2023-04-13 13:11:02.043 [info] > git for-each-ref --format=%(refname)%00%(upstream:short)%00%(objectname)%00%(upstream:track)%00%(upstream:remotename)%00%(upstream:remoteref) refs/heads/main refs/remotes/main [2ms]
2023-04-13 13:11:02.048 [info] > git status -z -uall [1ms]
2023-04-13 13:11:02.055 [info] > git config --get commit.template [1ms]
2023-04-13 13:11:02.060 [info] > git for-each-ref --format=%(refname)%00%(upstream:short)%00%(objectname)%00%(upstream:track)%00%(upstream:remotename)%00%(upstream:remoteref) refs/heads/main refs/remotes/main [1ms]
2023-04-13 13:11:02.064 [info] > git status -z -uall [0ms]
2023-04-13 13:11:02.551 [info] > git check-ignore -v -z --stdin [0ms]
2023-04-13 13:11:50.947 [info] > git check-ignore -v -z --stdin [0ms]
2023-04-13 13:12:00.241 [info] > git config --get commit.template [3ms]
2023-04-13 13:12:00.241 [info] > git for-each-ref --format=%(refname)%00%(upstream:short)%00%(objectname)%00%(upstream:track)%00%(upstream:remotename)%00%(upstream:remoteref) refs/heads/main refs/remotes/main [1ms]
2023-04-13 13:12:00.247 [info] > git status -z -uall [3ms]
2023-04-13 13:12:01.639 [info] > git check-ignore -v -z --stdin [1ms]
2023-04-13 13:12:03.690 [info] > git check-ignore -v -z --stdin [1ms]
2023-04-13 13:12:04.719 [info] > git check-ignore -v -z --stdin [0ms]
2023-04-13 13:12:12.924 [info] > git check-ignore -v -z --stdin [0ms]
2023-04-13 13:12:17.148 [info] > git check-ignore -v -z --stdin [1ms]
2023-04-13 13:12:18.314 [info] > git check-ignore -v -z --stdin [1ms]
2023-04-13 13:12:19.672 [info] > git check-ignore -v -z --stdin [0ms]
2023-04-13 13:12:30.060 [info] > git config --get commit.template [3ms]
2023-04-13 13:12:30.060 [info] > git for-each-ref --format=%(refname)%00%(upstream:short)%00%(objectname)%00%(upstream:track)%00%(upstream:remotename)%00%(upstream:remoteref) refs/heads/main refs/remotes/main [1ms]
2023-04-13 13:12:30.065 [info] > git status -z -uall [2ms]
2023-04-13 13:12:35.665 [info] > git config --get commit.template [3ms]
2023-04-13 13:12:35.666 [info] > git for-each-ref --format=%(refname)%00%(upstream:short)%00%(objectname)%00%(upstream:track)%00%(upstream:remotename)%00%(upstream:remoteref) refs/heads/main refs/remotes/main [1ms]
2023-04-13 13:12:35.674 [info] > git status -z -uall [3ms]
2023-04-13 13:12:36.103 [info] > git check-ignore -v -z --stdin [1ms]
2023-04-13 13:12:36.885 [info] > git show --textconv :.config/neofetch/config.conf [4ms]
2023-04-13 13:12:36.886 [info] > git ls-files --stage -- /home/jmiller/dotfiles/.config/neofetch/config.conf [1ms]
2023-04-13 13:13:05.127 [info] > git config --get commit.template [1ms]
2023-04-13 13:13:05.132 [info] > git for-each-ref --format=%(refname)%00%(upstream:short)%00%(objectname)%00%(upstream:track)%00%(upstream:remotename)%00%(upstream:remoteref) refs/heads/main refs/remotes/main [0ms]
2023-04-13 13:13:05.138 [info] > git status -z -uall [2ms]
2023-04-13 13:13:05.365 [info] > git check-ignore -v -z --stdin [0ms]
2023-04-13 13:13:06.811 [info] > git check-ignore -v -z --stdin [0ms]
2023-04-13 13:13:13.874 [info] > git config --get commit.template [4ms]
2023-04-13 13:13:13.874 [info] > git for-each-ref --format=%(refname)%00%(upstream:short)%00%(objectname)%00%(upstream:track)%00%(upstream:remotename)%00%(upstream:remoteref) refs/heads/main refs/remotes/main [1ms]
2023-04-13 13:13:13.880 [info] > git status -z -uall [2ms]
2023-04-13 13:13:18.896 [info] > git config --get commit.template [4ms]
2023-04-13 13:13:18.897 [info] > git for-each-ref --format=%(refname)%00%(upstream:short)%00%(objectname)%00%(upstream:track)%00%(upstream:remotename)%00%(upstream:remoteref) refs/heads/main refs/remotes/main [1ms]
2023-04-13 13:13:18.901 [info] > git status -z -uall [1ms]
2023-04-13 13:13:32.494 [info] > git check-ignore -v -z --stdin [1ms]
2023-04-13 13:14:20.898 [info] > git config --get commit.template [4ms]
2023-04-13 13:14:20.898 [info] > git for-each-ref --format=%(refname)%00%(upstream:short)%00%(objectname)%00%(upstream:track)%00%(upstream:remotename)%00%(upstream:remoteref) refs/heads/main refs/remotes/main [1ms]
2023-04-13 13:14:20.903 [info] > git status -z -uall [1ms]
2023-04-13 13:14:28.564 [info] > git config --get commit.template [4ms]
2023-04-13 13:14:28.564 [info] > git for-each-ref --format=%(refname)%00%(upstream:short)%00%(objectname)%00%(upstream:track)%00%(upstream:remotename)%00%(upstream:remoteref) refs/heads/main refs/remotes/main [1ms]
2023-04-13 13:14:28.568 [info] > git status -z -uall [0ms]
2023-04-13 13:14:30.281 [info] > git check-ignore -v -z --stdin [0ms]
2023-04-13 13:14:30.901 [info] > git check-ignore -v -z --stdin [1ms]
2023-04-13 13:14:33.575 [info] > git config --get commit.template [1ms]
2023-04-13 13:14:33.579 [info] > git for-each-ref --format=%(refname)%00%(upstream:short)%00%(objectname)%00%(upstream:track)%00%(upstream:remotename)%00%(upstream:remoteref) refs/heads/main refs/remotes/main [1ms]
2023-04-13 13:14:33.583 [info] > git status -z -uall [1ms]
2023-04-13 13:14:35.031 [info] > git check-ignore -v -z --stdin [1ms]
2023-04-13 13:14:36.893 [info] > git check-ignore -v -z --stdin [1ms]
2023-04-13 13:14:38.594 [info] > git config --get commit.template [4ms]
2023-04-13 13:14:38.594 [info] > git for-each-ref --format=%(refname)%00%(upstream:short)%00%(objectname)%00%(upstream:track)%00%(upstream:remotename)%00%(upstream:remoteref) refs/heads/main refs/remotes/main [1ms]
2023-04-13 13:14:38.599 [info] > git status -z -uall [1ms]
2023-04-13 13:15:06.228 [info] > git check-ignore -v -z --stdin [1ms]
2023-04-13 13:15:10.231 [info] > git show --textconv :.gitignore [4ms]
2023-04-13 13:15:10.232 [info] > git ls-files --stage -- /home/jmiller/dotfiles/.gitignore [1ms]
2023-04-13 13:15:10.236 [info] > git cat-file -s c6127b38c1aa25968a88db3940604d41529e4cf5 [1ms]
2023-04-13 13:16:21.024 [info] > git config --get commit.template [5ms]
2023-04-13 13:16:21.024 [info] > git for-each-ref --format=%(refname)%00%(upstream:short)%00%(objectname)%00%(upstream:track)%00%(upstream:remotename)%00%(upstream:remoteref) refs/heads/main refs/remotes/main [1ms]
2023-04-13 13:16:21.030 [info] > git status -z -uall [1ms]
2023-04-13 13:16:25.409 [info] > git show --textconv :suckless/dwm/Makefile [4ms]
2023-04-13 13:16:25.410 [info] > git ls-files --stage -- /home/jmiller/dotfiles/suckless/dwm/Makefile [1ms]
2023-04-13 13:16:26.040 [info] > git config --get commit.template [4ms]
2023-04-13 13:16:26.040 [info] > git for-each-ref --format=%(refname)%00%(upstream:short)%00%(objectname)%00%(upstream:track)%00%(upstream:remotename)%00%(upstream:remoteref) refs/heads/main refs/remotes/main [0ms]
2023-04-13 13:16:26.045 [info] > git status -z -uall [1ms]
2023-04-13 13:17:25.894 [info] > git show --textconv :.gitignore [5ms]
2023-04-13 13:17:25.894 [info] > git ls-files --stage -- /home/jmiller/dotfiles/.gitignore [1ms]
2023-04-13 13:17:25.899 [info] > git cat-file -s c6127b38c1aa25968a88db3940604d41529e4cf5 [0ms]
2023-04-13 13:17:59.730 [info] > git check-ignore -v -z --stdin [1ms]
2023-04-13 13:18:00.192 [info] > git config --get commit.template [4ms]
2023-04-13 13:18:00.192 [info] > git for-each-ref --format=%(refname)%00%(upstream:short)%00%(objectname)%00%(upstream:track)%00%(upstream:remotename)%00%(upstream:remoteref) refs/heads/main refs/remotes/main [1ms]
2023-04-13 13:18:00.197 [info] > git status -z -uall [1ms]
2023-04-13 13:18:07.434 [info] > git show --textconv :README.md [3ms]
2023-04-13 13:18:07.434 [info] > git ls-files --stage -- /home/jmiller/dotfiles/README.md [0ms]
2023-04-13 13:18:07.438 [info] > git cat-file -s c205a276b9721675474aaa656743e78345deffa0 [1ms]
2023-04-13 13:20:00.559 [info] > git show --textconv :LICENSE [5ms]
2023-04-13 13:20:00.559 [info] > git ls-files --stage -- /home/jmiller/dotfiles/LICENSE [1ms]
2023-04-13 13:20:00.564 [info] > git cat-file -s e185efe22a17575ea53b7e4582eeb4494a68826a [1ms]
2023-04-13 13:20:01.662 [info] > git show --textconv :README.md [4ms]
2023-04-13 13:20:01.663 [info] > git ls-files --stage -- /home/jmiller/dotfiles/README.md [1ms]
2023-04-13 13:20:01.667 [info] > git cat-file -s c205a276b9721675474aaa656743e78345deffa0 [0ms]
2023-04-13 13:20:05.669 [info] > git check-ignore -v -z --stdin [1ms]
2023-04-13 13:20:21.488 [info] > git check-ignore -v -z --stdin [0ms]
2023-04-13 13:20:52.012 [info] > git check-ignore -v -z --stdin [1ms]
2023-04-13 13:20:54.443 [info] > git check-ignore -v -z --stdin [1ms]
2023-04-13 13:24:12.381 [info] > git config --get commit.template [13ms]
2023-04-13 13:24:12.382 [info] > git ls-files --stage -- /home/jmiller/dotfiles/.gitignore [4ms]
2023-04-13 13:24:12.385 [info] > git for-each-ref --format=%(refname)%00%(upstream:short)%00%(objectname)%00%(upstream:track)%00%(upstream:remotename)%00%(upstream:remoteref) refs/heads/main refs/remotes/main [13ms]
2023-04-13 13:24:12.389 [info] > git cat-file -s c6127b38c1aa25968a88db3940604d41529e4cf5 [4ms]
2023-04-13 13:24:12.389 [info] > git ls-files --stage -- /home/jmiller/dotfiles/README.md [8ms]
2023-04-13 13:24:12.393 [info] > git status -z -uall [5ms]
2023-04-13 13:24:12.394 [info] > git cat-file -s c205a276b9721675474aaa656743e78345deffa0 [1ms]
2023-04-13 13:24:12.400 [info] > git show --textconv :.gitignore [1ms]
2023-04-13 13:24:12.406 [info] > git show --textconv :README.md [1ms]
2023-04-13 13:24:17.404 [info] > git config --get commit.template [4ms]
2023-04-13 13:24:17.404 [info] > git for-each-ref --format=%(refname)%00%(upstream:short)%00%(objectname)%00%(upstream:track)%00%(upstream:remotename)%00%(upstream:remoteref) refs/heads/main refs/remotes/main [0ms]
2023-04-13 13:24:17.409 [info] > git status -z -uall [1ms]
