2023-04-13 12:36:38.437 [info] Extension host with pid 10377 started
2023-04-13 12:36:38.437 [info] Skipping acquiring lock for /home/jmiller/.config/Code - OSS/User/workspaceStorage/486cb29e3d2b202b57f9082d5851843d.
2023-04-13 12:36:38.477 [info] ExtensionService#_doActivateExtension vscode.emmet, startup: false, activationEvent: 'onLanguage'
2023-04-13 12:36:38.751 [info] ExtensionService#_doActivateExtension vscode.git-base, startup: true, activationEvent: '*', root cause: vscode.git
2023-04-13 12:36:38.765 [info] ExtensionService#_doActivateExtension vscode.git, startup: true, activationEvent: '*'
2023-04-13 12:36:38.765 [info] ExtensionService#_doActivateExtension vscode.github, startup: true, activationEvent: '*'
2023-04-13 12:36:38.817 [info] Eager extensions activated
2023-04-13 12:36:38.836 [info] ExtensionService#_doActivateExtension vscode.debug-auto-launch, startup: false, activationEvent: 'onStartupFinished'
2023-04-13 12:36:38.837 [info] ExtensionService#_doActivateExtension vscode.merge-conflict, startup: false, activationEvent: 'onStartupFinished'
2023-04-13 12:36:38.884 [warning] [Decorations] CAPPING events from decorations provider vscode.git 299
2023-04-13 12:36:38.977 [warning] [Decorations] CAPPING events from decorations provider vscode.git 299
2023-04-13 12:36:42.362 [warning] [Decorations] CAPPING events from decorations provider vscode.git 299
2023-04-13 12:36:47.383 [warning] [Decorations] CAPPING events from decorations provider vscode.git 301
2023-04-13 12:36:52.402 [warning] [Decorations] CAPPING events from decorations provider vscode.git 301
2023-04-13 12:36:57.422 [warning] [Decorations] CAPPING events from decorations provider vscode.git 301
2023-04-13 12:37:02.442 [warning] [Decorations] CAPPING events from decorations provider vscode.git 301
2023-04-13 12:37:07.461 [warning] [Decorations] CAPPING events from decorations provider vscode.git 301
2023-04-13 12:37:12.479 [warning] [Decorations] CAPPING events from decorations provider vscode.git 301
2023-04-13 12:37:17.498 [warning] [Decorations] CAPPING events from decorations provider vscode.git 301
2023-04-13 12:37:22.519 [warning] [Decorations] CAPPING events from decorations provider vscode.git 301
2023-04-13 12:37:27.542 [warning] [Decorations] CAPPING events from decorations provider vscode.git 303
2023-04-13 12:37:32.560 [warning] [Decorations] CAPPING events from decorations provider vscode.git 314
2023-04-13 12:37:37.578 [warning] [Decorations] CAPPING events from decorations provider vscode.git 314
2023-04-13 12:37:42.600 [warning] [Decorations] CAPPING events from decorations provider vscode.git 314
2023-04-13 12:37:47.618 [warning] [Decorations] CAPPING events from decorations provider vscode.git 314
2023-04-13 12:37:52.636 [warning] [Decorations] CAPPING events from decorations provider vscode.git 314
2023-04-13 12:37:57.653 [warning] [Decorations] CAPPING events from decorations provider vscode.git 314
2023-04-13 12:38:02.671 [warning] [Decorations] CAPPING events from decorations provider vscode.git 314
2023-04-13 12:38:07.689 [warning] [Decorations] CAPPING events from decorations provider vscode.git 314
2023-04-13 12:38:12.710 [warning] [Decorations] CAPPING events from decorations provider vscode.git 314
2023-04-13 12:38:17.729 [warning] [Decorations] CAPPING events from decorations provider vscode.git 314
2023-04-13 12:38:22.749 [warning] [Decorations] CAPPING events from decorations provider vscode.git 314
2023-04-13 12:38:27.770 [warning] [Decorations] CAPPING events from decorations provider vscode.git 314
2023-04-13 12:38:32.788 [warning] [Decorations] CAPPING events from decorations provider vscode.git 314
2023-04-13 12:38:37.806 [warning] [Decorations] CAPPING events from decorations provider vscode.git 314
2023-04-13 12:38:42.825 [warning] [Decorations] CAPPING events from decorations provider vscode.git 314
2023-04-13 12:38:47.842 [warning] [Decorations] CAPPING events from decorations provider vscode.git 314
2023-04-13 12:38:52.862 [warning] [Decorations] CAPPING events from decorations provider vscode.git 314
2023-04-13 12:38:57.884 [warning] [Decorations] CAPPING events from decorations provider vscode.git 314
2023-04-13 12:39:02.905 [warning] [Decorations] CAPPING events from decorations provider vscode.git 314
2023-04-13 12:39:07.922 [warning] [Decorations] CAPPING events from decorations provider vscode.git 314
2023-04-13 12:39:12.940 [warning] [Decorations] CAPPING events from decorations provider vscode.git 314
2023-04-13 12:39:17.958 [warning] [Decorations] CAPPING events from decorations provider vscode.git 314
2023-04-13 12:39:22.979 [warning] [Decorations] CAPPING events from decorations provider vscode.git 314
2023-04-13 12:39:27.999 [warning] [Decorations] CAPPING events from decorations provider vscode.git 314
2023-04-13 12:39:33.017 [warning] [Decorations] CAPPING events from decorations provider vscode.git 314
2023-04-13 12:39:38.034 [warning] [Decorations] CAPPING events from decorations provider vscode.git 314
2023-04-13 12:39:43.053 [warning] [Decorations] CAPPING events from decorations provider vscode.git 314
2023-04-13 12:39:48.072 [warning] [Decorations] CAPPING events from decorations provider vscode.git 314
2023-04-13 12:39:53.089 [warning] [Decorations] CAPPING events from decorations provider vscode.git 314
2023-04-13 12:39:58.114 [warning] [Decorations] CAPPING events from decorations provider vscode.git 314
2023-04-13 12:40:03.132 [warning] [Decorations] CAPPING events from decorations provider vscode.git 314
2023-04-13 12:40:08.151 [warning] [Decorations] CAPPING events from decorations provider vscode.git 314
2023-04-13 12:40:13.170 [warning] [Decorations] CAPPING events from decorations provider vscode.git 314
2023-04-13 12:40:18.187 [warning] [Decorations] CAPPING events from decorations provider vscode.git 314
2023-04-13 12:40:23.205 [warning] [Decorations] CAPPING events from decorations provider vscode.git 314
2023-04-13 12:40:28.223 [warning] [Decorations] CAPPING events from decorations provider vscode.git 314
2023-04-13 12:40:33.241 [warning] [Decorations] CAPPING events from decorations provider vscode.git 314
2023-04-13 12:40:38.258 [warning] [Decorations] CAPPING events from decorations provider vscode.git 314
2023-04-13 12:40:43.274 [warning] [Decorations] CAPPING events from decorations provider vscode.git 314
2023-04-13 12:40:48.292 [warning] [Decorations] CAPPING events from decorations provider vscode.git 314
2023-04-13 12:40:53.310 [warning] [Decorations] CAPPING events from decorations provider vscode.git 314
2023-04-13 12:40:58.328 [warning] [Decorations] CAPPING events from decorations provider vscode.git 314
2023-04-13 12:41:03.346 [warning] [Decorations] CAPPING events from decorations provider vscode.git 314
2023-04-13 12:41:08.364 [warning] [Decorations] CAPPING events from decorations provider vscode.git 314
2023-04-13 12:41:13.382 [warning] [Decorations] CAPPING events from decorations provider vscode.git 314
2023-04-13 12:41:18.400 [warning] [Decorations] CAPPING events from decorations provider vscode.git 314
2023-04-13 12:41:23.419 [warning] [Decorations] CAPPING events from decorations provider vscode.git 314
2023-04-13 12:41:28.438 [warning] [Decorations] CAPPING events from decorations provider vscode.git 314
2023-04-13 12:41:33.459 [warning] [Decorations] CAPPING events from decorations provider vscode.git 314
2023-04-13 12:41:38.478 [warning] [Decorations] CAPPING events from decorations provider vscode.git 314
2023-04-13 12:41:43.500 [warning] [Decorations] CAPPING events from decorations provider vscode.git 314
2023-04-13 12:41:48.518 [warning] [Decorations] CAPPING events from decorations provider vscode.git 314
2023-04-13 12:41:53.537 [warning] [Decorations] CAPPING events from decorations provider vscode.git 314
2023-04-13 12:41:58.558 [warning] [Decorations] CAPPING events from decorations provider vscode.git 314
2023-04-13 12:42:03.578 [warning] [Decorations] CAPPING events from decorations provider vscode.git 314
2023-04-13 12:43:04.516 [warning] [Decorations] CAPPING events from decorations provider vscode.git 314
2023-04-13 12:44:04.516 [warning] [Decorations] CAPPING events from decorations provider vscode.git 314
2023-04-13 12:45:04.515 [warning] [Decorations] CAPPING events from decorations provider vscode.git 314
2023-04-13 12:46:04.514 [warning] [Decorations] CAPPING events from decorations provider vscode.git 314
2023-04-13 12:47:04.515 [warning] [Decorations] CAPPING events from decorations provider vscode.git 314
2023-04-13 12:48:04.517 [warning] [Decorations] CAPPING events from decorations provider vscode.git 314
2023-04-13 12:49:04.532 [warning] [Decorations] CAPPING events from decorations provider vscode.git 325
2023-04-13 12:50:04.516 [warning] [Decorations] CAPPING events from decorations provider vscode.git 325
2023-04-13 12:51:04.515 [warning] [Decorations] CAPPING events from decorations provider vscode.git 325
2023-04-13 12:52:04.515 [warning] [Decorations] CAPPING events from decorations provider vscode.git 325
2023-04-13 12:53:04.512 [warning] [Decorations] CAPPING events from decorations provider vscode.git 325
2023-04-13 12:54:04.515 [warning] [Decorations] CAPPING events from decorations provider vscode.git 325
2023-04-13 12:55:04.514 [warning] [Decorations] CAPPING events from decorations provider vscode.git 325
2023-04-13 12:56:04.514 [warning] [Decorations] CAPPING events from decorations provider vscode.git 325
2023-04-13 12:57:04.516 [warning] [Decorations] CAPPING events from decorations provider vscode.git 325
2023-04-13 12:58:04.513 [warning] [Decorations] CAPPING events from decorations provider vscode.git 325
2023-04-13 12:59:04.515 [warning] [Decorations] CAPPING events from decorations provider vscode.git 325
2023-04-13 13:00:04.514 [warning] [Decorations] CAPPING events from decorations provider vscode.git 325
2023-04-13 13:01:04.520 [warning] [Decorations] CAPPING events from decorations provider vscode.git 325
2023-04-13 13:02:04.516 [warning] [Decorations] CAPPING events from decorations provider vscode.git 325
2023-04-13 13:03:04.515 [warning] [Decorations] CAPPING events from decorations provider vscode.git 325
2023-04-13 13:04:04.516 [warning] [Decorations] CAPPING events from decorations provider vscode.git 325
2023-04-13 13:05:04.515 [warning] [Decorations] CAPPING events from decorations provider vscode.git 325
2023-04-13 13:06:04.515 [warning] [Decorations] CAPPING events from decorations provider vscode.git 325
2023-04-13 13:07:04.515 [warning] [Decorations] CAPPING events from decorations provider vscode.git 325
2023-04-13 13:08:04.516 [warning] [Decorations] CAPPING events from decorations provider vscode.git 325
