2023-04-13 12:11:10.656 [info] Log level: Info
2023-04-13 12:11:10.656 [info] Validating found git in: "git"
2023-04-13 12:11:10.656 [info] Using git "2.40.0" from "git"
2023-04-13 12:11:10.656 [info] > git rev-parse --show-toplevel [2ms]
2023-04-13 12:11:10.656 [info] > git rev-parse --git-dir --git-common-dir [1ms]
2023-04-13 12:11:10.656 [info] Open repository: /home/jmiller/.config/dwm
2023-04-13 12:11:10.656 [info] > git rev-parse --show-toplevel [3ms]
2023-04-13 12:11:10.656 [info] > git config --get commit.template [1ms]
2023-04-13 12:11:10.656 [info] > git for-each-ref --format=%(refname)%00%(upstream:short)%00%(objectname)%00%(upstream:track)%00%(upstream:remotename)%00%(upstream:remoteref) refs/heads/master refs/remotes/master [1ms]
2023-04-13 12:11:10.656 [info] > git status -z -uall [1ms]
2023-04-13 12:11:10.656 [info] > git config --get commit.template [4ms]
2023-04-13 12:11:10.656 [info] > git for-each-ref --format=%(refname)%00%(upstream:short)%00%(objectname)%00%(upstream:track)%00%(upstream:remotename)%00%(upstream:remoteref) refs/heads/master refs/remotes/master [1ms]
2023-04-13 12:11:10.656 [info] > git status -z -uall [1ms]
2023-04-13 12:11:10.971 [info] > git show --textconv :config.h [4ms]
2023-04-13 12:11:10.971 [info] > git ls-files --stage -- /home/jmiller/.config/dwm/config.h [0ms]
2023-04-13 12:11:11.144 [info] > git check-ignore -v -z --stdin [1ms]
2023-04-13 12:11:23.202 [info] > git show --textconv :dwm.c.rej [3ms]
2023-04-13 12:11:23.203 [info] > git ls-files --stage -- /home/jmiller/.config/dwm/dwm.c.rej [1ms]
2023-04-13 12:11:49.221 [info] > git show --textconv :dwm.c.orig [3ms]
2023-04-13 12:11:49.221 [info] > git ls-files --stage -- /home/jmiller/.config/dwm/dwm.c.orig [1ms]
2023-04-13 12:11:55.905 [info] > git show --textconv :dwm.c [4ms]
2023-04-13 12:11:55.905 [info] > git ls-files --stage -- /home/jmiller/.config/dwm/dwm.c [1ms]
2023-04-13 12:11:55.909 [info] > git cat-file -s f1d86b2c7a900c9380f6d5fc1424dad1bf2ddaf8 [1ms]
2023-04-13 12:12:00.886 [info] > git show --textconv :dwm.c.orig [4ms]
2023-04-13 12:12:00.886 [info] > git ls-files --stage -- /home/jmiller/.config/dwm/dwm.c.orig [1ms]
2023-04-13 12:12:08.199 [info] > git show --textconv :config.def.h.orig [3ms]
2023-04-13 12:12:08.200 [info] > git ls-files --stage -- /home/jmiller/.config/dwm/config.def.h.orig [1ms]
2023-04-13 12:12:12.159 [info] > git show --textconv :config.def.h.rej [3ms]
2023-04-13 12:12:12.160 [info] > git ls-files --stage -- /home/jmiller/.config/dwm/config.def.h.rej [0ms]
2023-04-13 12:12:28.423 [info] > git show --textconv :config.def.h [3ms]
2023-04-13 12:12:28.424 [info] > git ls-files --stage -- /home/jmiller/.config/dwm/config.def.h [1ms]
2023-04-13 12:12:28.427 [info] > git cat-file -s 9efa7744b39c8b0ff0cf09a504a2539910c2881c [0ms]
2023-04-13 12:15:19.286 [info] > git config --get commit.template [2ms]
2023-04-13 12:15:19.286 [info] > git for-each-ref --format=%(refname)%00%(upstream:short)%00%(objectname)%00%(upstream:track)%00%(upstream:remotename)%00%(upstream:remoteref) refs/heads/master refs/remotes/master [1ms]
2023-04-13 12:15:19.298 [info] > git status -z -uall [9ms]
2023-04-13 12:15:19.298 [info] > git ls-files --stage -- /home/jmiller/.config/dwm/dwm.c.rej [2ms]
2023-04-13 12:15:19.299 [info] > git ls-files --stage -- /home/jmiller/.config/dwm/config.h [6ms]
2023-04-13 12:15:19.300 [info] > git ls-files --stage -- /home/jmiller/.config/dwm/config.def.h [2ms]
2023-04-13 12:15:19.303 [info] > git cat-file -s 9efa7744b39c8b0ff0cf09a504a2539910c2881c [1ms]
2023-04-13 12:15:19.309 [info] > git show --textconv :dwm.c.rej [3ms]
2023-04-13 12:15:19.309 [info] > git show --textconv :config.h [1ms]
2023-04-13 12:15:19.314 [info] > git show --textconv :config.def.h [1ms]
2023-04-13 12:15:33.646 [info] > git show --textconv :drw.h [4ms]
2023-04-13 12:15:33.647 [info] > git ls-files --stage -- /home/jmiller/.config/dwm/drw.h [0ms]
2023-04-13 12:15:33.650 [info] > git cat-file -s 64714316bd40c003eac6b722ba5256eebaacf010 [0ms]
2023-04-13 12:15:56.560 [info] > git show --textconv :config.h [3ms]
2023-04-13 12:15:56.561 [info] > git ls-files --stage -- /home/jmiller/.config/dwm/config.h [1ms]
2023-04-13 12:16:04.741 [info] > git config --get commit.template [3ms]
2023-04-13 12:16:04.741 [info] > git for-each-ref --format=%(refname)%00%(upstream:short)%00%(objectname)%00%(upstream:track)%00%(upstream:remotename)%00%(upstream:remoteref) refs/heads/master refs/remotes/master [0ms]
2023-04-13 12:16:04.745 [info] > git status -z -uall [1ms]
2023-04-13 12:16:04.787 [info] > git ls-files --stage -- /home/jmiller/.config/dwm/dwm.c.rej [3ms]
2023-04-13 12:16:04.787 [info] > git ls-files --stage -- /home/jmiller/.config/dwm/config.h [1ms]
2023-04-13 12:16:04.794 [info] > git show --textconv :dwm.c.rej [4ms]
2023-04-13 12:16:04.794 [info] > git show --textconv :config.h [0ms]
2023-04-13 12:16:06.338 [info] > git show --textconv :dwm.1 [3ms]
2023-04-13 12:16:06.338 [info] > git ls-files --stage -- /home/jmiller/.config/dwm/dwm.1 [1ms]
2023-04-13 12:16:06.342 [info] > git cat-file -s ddc8321fdae431984eb5e8a898fa88020128b5ec [1ms]
2023-04-13 12:16:09.955 [info] > git show --textconv :config.h [3ms]
2023-04-13 12:16:09.956 [info] > git ls-files --stage -- /home/jmiller/.config/dwm/config.h [1ms]
2023-04-13 12:16:12.931 [info] > git show --textconv :config.def.h.rej [2ms]
2023-04-13 12:16:12.932 [info] > git ls-files --stage -- /home/jmiller/.config/dwm/config.def.h.rej [1ms]
2023-04-13 12:16:17.332 [info] > git show --textconv :config.def.h.orig [3ms]
2023-04-13 12:16:17.333 [info] > git ls-files --stage -- /home/jmiller/.config/dwm/config.def.h.orig [1ms]
2023-04-13 12:16:18.454 [info] > git show --textconv :config.def.h [3ms]
2023-04-13 12:16:18.455 [info] > git ls-files --stage -- /home/jmiller/.config/dwm/config.def.h [1ms]
2023-04-13 12:16:18.459 [info] > git cat-file -s 9efa7744b39c8b0ff0cf09a504a2539910c2881c [1ms]
2023-04-13 12:16:24.987 [info] > git show --textconv :dwm.c [4ms]
2023-04-13 12:16:24.987 [info] > git ls-files --stage -- /home/jmiller/.config/dwm/dwm.c [0ms]
2023-04-13 12:16:24.991 [info] > git cat-file -s f1d86b2c7a900c9380f6d5fc1424dad1bf2ddaf8 [0ms]
2023-04-13 12:16:29.723 [info] > git show --textconv :dwm.c.orig [4ms]
2023-04-13 12:16:29.723 [info] > git ls-files --stage -- /home/jmiller/.config/dwm/dwm.c.orig [1ms]
2023-04-13 12:16:47.013 [info] > git show --textconv :README [3ms]
2023-04-13 12:16:47.014 [info] > git ls-files --stage -- /home/jmiller/.config/dwm/README [1ms]
2023-04-13 12:16:47.017 [info] > git cat-file -s 95d4fd05edfebb41917c02a6769395f44a3476aa [0ms]
2023-04-13 12:19:44.446 [info] No remotes found in the git config file.
2023-04-13 12:19:44.454 [info] > git config --get commit.template [12ms]
2023-04-13 12:19:44.455 [info] > git ls-files --stage -- /home/jmiller/.config/dwm/README [1ms]
2023-04-13 12:19:44.455 [info] > git ls-files --stage -- /home/jmiller/.config/dwm/dwm.c.rej [5ms]
2023-04-13 12:19:44.455 [info] > git for-each-ref --format=%(refname)%00%(upstream:short)%00%(objectname)%00%(upstream:track)%00%(upstream:remotename)%00%(upstream:remoteref) refs/heads/master refs/remotes/master [9ms]
2023-04-13 12:19:44.459 [info] > git status -z -uall [0ms]
2023-04-13 12:19:44.471 [info] > git show --textconv :README [5ms]
2023-04-13 12:19:44.471 [info] > git show --textconv :dwm.c.rej [1ms]
2023-04-13 12:19:44.571 [info] > git check-ignore -v -z --stdin [0ms]
2023-04-13 12:21:00.453 [info] No remotes found in the git config file.
2023-04-13 12:21:00.453 [info] > git config --get commit.template [3ms]
2023-04-13 12:21:00.454 [info] > git for-each-ref --format=%(refname)%00%(upstream:short)%00%(objectname)%00%(upstream:track)%00%(upstream:remotename)%00%(upstream:remoteref) refs/heads/master refs/remotes/master [0ms]
2023-04-13 12:21:00.457 [info] > git status -z -uall [0ms]
2023-04-13 12:21:20.621 [info] > git show --textconv :.gitignore [3ms]
2023-04-13 12:21:20.621 [info] > git ls-files --stage -- /home/jmiller/.config/dwm/.gitignore [1ms]
2023-04-13 12:22:26.181 [info] > git check-ignore -v -z --stdin [0ms]
2023-04-13 12:22:26.647 [info] No remotes found in the git config file.
2023-04-13 12:22:26.648 [info] > git config --get commit.template [3ms]
2023-04-13 12:22:26.648 [info] > git for-each-ref --format=%(refname)%00%(upstream:short)%00%(objectname)%00%(upstream:track)%00%(upstream:remotename)%00%(upstream:remoteref) refs/heads/master refs/remotes/master [1ms]
2023-04-13 12:22:26.651 [info] > git status -z -uall [0ms]
2023-04-13 12:22:32.831 [info] > git check-ignore -v -z --stdin [1ms]
2023-04-13 12:22:33.295 [info] No remotes found in the git config file.
2023-04-13 12:22:33.296 [info] > git config --get commit.template [4ms]
2023-04-13 12:22:33.296 [info] > git for-each-ref --format=%(refname)%00%(upstream:short)%00%(objectname)%00%(upstream:track)%00%(upstream:remotename)%00%(upstream:remoteref) refs/heads/master refs/remotes/master [1ms]
2023-04-13 12:22:33.300 [info] > git status -z -uall [1ms]
2023-04-13 12:23:01.803 [info] > git check-ignore -v -z --stdin [1ms]
2023-04-13 12:23:02.267 [info] No remotes found in the git config file.
2023-04-13 12:23:02.267 [info] > git config --get commit.template [4ms]
2023-04-13 12:23:02.267 [info] > git for-each-ref --format=%(refname)%00%(upstream:short)%00%(objectname)%00%(upstream:track)%00%(upstream:remotename)%00%(upstream:remoteref) refs/heads/master refs/remotes/master [1ms]
2023-04-13 12:23:02.271 [info] > git status -z -uall [1ms]
2023-04-13 12:23:10.109 [info] > git show --textconv :LICENSE [3ms]
2023-04-13 12:23:10.110 [info] > git ls-files --stage -- /home/jmiller/.config/dwm/LICENSE [0ms]
2023-04-13 12:23:54.190 [info] > git show --textconv :vanitygaps.c [2ms]
2023-04-13 12:23:54.191 [info] > git ls-files --stage -- /home/jmiller/.config/dwm/vanitygaps.c [1ms]
2023-04-13 12:28:12.033 [info] > git check-ignore -v -z --stdin [1ms]
2023-04-13 12:28:12.496 [info] No remotes found in the git config file.
2023-04-13 12:28:12.496 [info] > git config --get commit.template [3ms]
2023-04-13 12:28:12.497 [info] > git for-each-ref --format=%(refname)%00%(upstream:short)%00%(objectname)%00%(upstream:track)%00%(upstream:remotename)%00%(upstream:remoteref) refs/heads/master refs/remotes/master [0ms]
2023-04-13 12:28:12.500 [info] > git status -z -uall [0ms]
2023-04-13 12:29:00.424 [info] No remotes found in the git config file.
2023-04-13 12:29:00.425 [info] > git config --get commit.template [4ms]
2023-04-13 12:29:00.425 [info] > git for-each-ref --format=%(refname)%00%(upstream:short)%00%(objectname)%00%(upstream:track)%00%(upstream:remotename)%00%(upstream:remoteref) refs/heads/master refs/remotes/master [1ms]
2023-04-13 12:29:00.429 [info] > git status -z -uall [1ms]
2023-04-13 12:29:36.731 [info] > git show --textconv :shiftview.c [4ms]
2023-04-13 12:29:36.731 [info] > git ls-files --stage -- /home/jmiller/.config/dwm/shiftview.c [1ms]
2023-04-13 12:29:39.379 [info] No remotes found in the git config file.
2023-04-13 12:29:39.379 [info] > git config --get commit.template [3ms]
2023-04-13 12:29:39.379 [info] > git for-each-ref --format=%(refname)%00%(upstream:short)%00%(objectname)%00%(upstream:track)%00%(upstream:remotename)%00%(upstream:remoteref) refs/heads/master refs/remotes/master [0ms]
2023-04-13 12:29:39.383 [info] > git status -z -uall [0ms]
2023-04-13 12:36:04.912 [info] > git show --textconv :config.h [4ms]
2023-04-13 12:36:04.912 [info] > git ls-files --stage -- /home/jmiller/.config/dwm/config.h [1ms]
