2023-04-13 12:37:29.188 [info] Log level: Info
2023-04-13 12:37:29.188 [info] Validating found git in: "git"
2023-04-13 12:37:29.188 [info] Using git "2.40.0" from "git"
2023-04-13 12:37:29.188 [info] > git rev-parse --show-toplevel [2ms]
2023-04-13 12:37:29.188 [info] > git rev-parse --git-dir --git-common-dir [1ms]
2023-04-13 12:37:29.188 [info] Open repository: /home/jmiller/.config
2023-04-13 12:37:29.188 [info] > git config --get commit.template [9ms]
2023-04-13 12:37:29.188 [info] > git rev-parse --show-toplevel [14ms]
2023-04-13 12:37:29.188 [info] No remotes found in the git config file.
2023-04-13 12:37:29.188 [info] > git rev-parse --git-dir --git-common-dir [7ms]
2023-04-13 12:37:29.188 [info] Open repository: /home/jmiller/.config/dwm
2023-04-13 12:37:29.188 [info] > git rev-parse --show-toplevel [4ms]
2023-04-13 12:37:29.188 [info] > git for-each-ref --format=%(refname)%00%(upstream:short)%00%(objectname)%00%(upstream:track)%00%(upstream:remotename)%00%(upstream:remoteref) refs/heads/master refs/remotes/master [17ms]
2023-04-13 12:37:29.188 [info] > git rev-parse --show-toplevel [4ms]
2023-04-13 12:37:29.192 [info] > git config --get commit.template [12ms]
2023-04-13 12:37:29.193 [info] > git status -z -uall [5ms]
2023-04-13 12:37:29.193 [info] > git rev-parse --show-toplevel [1ms]
2023-04-13 12:37:29.212 [info] No remotes found in the git config file.
2023-04-13 12:37:29.216 [info] > git rev-parse --git-dir --git-common-dir [19ms]
2023-04-13 12:37:29.218 [info] Open repository: /home/jmiller/.config/dmenu
2023-04-13 12:37:29.231 [info] > git config --get commit.template [16ms]
2023-04-13 12:37:29.231 [info] > git for-each-ref --format=%(refname)%00%(upstream:short)%00%(objectname)%00%(upstream:track)%00%(upstream:remotename)%00%(upstream:remoteref) refs/heads/master refs/remotes/master [19ms]
2023-04-13 12:37:29.240 [info] > git config --get commit.template [14ms]
2023-04-13 12:37:29.240 [info] > git rev-parse --show-toplevel [18ms]
2023-04-13 12:37:29.288 [info] No remotes found in the git config file.
2023-04-13 12:37:29.292 [info] > git status -z -uall [57ms]
2023-04-13 12:37:29.293 [info] > git rev-parse --show-toplevel [48ms]
2023-04-13 12:37:29.308 [info] > git rev-parse --show-toplevel [12ms]
2023-04-13 12:37:29.312 [info] > git for-each-ref --format=%(refname)%00%(upstream:short)%00%(objectname)%00%(upstream:track)%00%(upstream:remotename)%00%(upstream:remoteref) refs/heads/master refs/remotes/master [25ms]
2023-04-13 12:37:29.317 [info] > git rev-parse --show-toplevel [5ms]
2023-04-13 12:37:29.321 [info] > git config --get commit.template [13ms]
2023-04-13 12:37:29.322 [info] > git for-each-ref --format=%(refname)%00%(upstream:short)%00%(objectname)%00%(upstream:track)%00%(upstream:remotename)%00%(upstream:remoteref) refs/heads/master refs/remotes/master [17ms]
2023-04-13 12:37:29.326 [info] > git status -z -uall [10ms]
2023-04-13 12:37:29.326 [info] > git rev-parse --show-toplevel [5ms]
2023-04-13 12:37:29.340 [info] No remotes found in the git config file.
2023-04-13 12:37:29.342 [info] > git status -z -uall [16ms]
2023-04-13 12:37:29.342 [info] > git rev-parse --show-toplevel [12ms]
2023-04-13 12:37:29.355 [info] > git rev-parse --git-dir --git-common-dir [9ms]
2023-04-13 12:37:29.357 [info] Open repository: /home/jmiller/.config/slstatus
2023-04-13 12:37:29.361 [info] > git for-each-ref --format=%(refname)%00%(upstream:short)%00%(objectname)%00%(upstream:track)%00%(upstream:remotename)%00%(upstream:remoteref) refs/heads/master refs/remotes/master [21ms]
2023-04-13 12:37:29.370 [info] > git status -z -uall [5ms]
2023-04-13 12:37:29.370 [info] > git rev-parse --show-toplevel [9ms]
2023-04-13 12:37:29.374 [info] > git config --get commit.template [21ms]
2023-04-13 12:37:29.375 [info] > git config --get commit.template [5ms]
2023-04-13 12:37:29.379 [info] > git rev-parse --git-dir --git-common-dir [5ms]
2023-04-13 12:37:29.381 [info] Open repository: /home/jmiller/.config/st
2023-04-13 12:37:29.389 [info] > git for-each-ref --format=%(refname)%00%(upstream:short)%00%(objectname)%00%(upstream:track)%00%(upstream:remotename)%00%(upstream:remoteref) refs/heads/master refs/remotes/master [10ms]
2023-04-13 12:37:29.394 [info] > git status -z -uall [1ms]
2023-04-13 12:37:29.394 [info] > git config --get commit.template [5ms]
2023-04-13 12:37:29.394 [info] > git for-each-ref --format=%(refname)%00%(upstream:short)%00%(objectname)%00%(upstream:track)%00%(upstream:remotename)%00%(upstream:remoteref) refs/heads/master refs/remotes/master [9ms]
2023-04-13 12:37:29.407 [info] > git status -z -uall [8ms]
2023-04-13 12:37:29.414 [info] > git for-each-ref --format=%(refname)%00%(upstream:short)%00%(objectname)%00%(upstream:track)%00%(upstream:remotename)%00%(upstream:remoteref) refs/heads/master refs/remotes/master [8ms]
2023-04-13 12:37:29.419 [info] > git config --get commit.template [6ms]
2023-04-13 12:37:29.426 [info] > git status -z -uall [8ms]
2023-04-13 12:37:29.432 [info] > git for-each-ref --format=%(refname)%00%(upstream:short)%00%(objectname)%00%(upstream:track)%00%(upstream:remotename)%00%(upstream:remoteref) refs/heads/master refs/remotes/master [9ms]
2023-04-13 12:37:29.472 [info] > git status -z -uall [36ms]
2023-04-13 12:37:29.473 [info] > git config --get commit.template [41ms]
2023-04-13 12:37:29.481 [info] > git for-each-ref --format=%(refname)%00%(upstream:short)%00%(objectname)%00%(upstream:track)%00%(upstream:remotename)%00%(upstream:remoteref) refs/heads/master refs/remotes/master [1ms]
2023-04-13 12:37:29.486 [info] > git status -z -uall [2ms]
2023-04-13 12:37:29.803 [info] > git show --textconv :config.def.h [3ms]
2023-04-13 12:37:29.804 [info] > git ls-files --stage -- /home/jmiller/.config/dwm/config.def.h [1ms]
2023-04-13 12:37:29.921 [info] > git check-ignore -v -z --stdin [17ms]
2023-04-13 12:37:29.921 [info] > git check-ignore -v -z --stdin [13ms]
2023-04-13 12:37:29.922 [info] > git check-ignore -v -z --stdin [10ms]
2023-04-13 12:37:29.922 [info] > git check-ignore -v -z --stdin [6ms]
2023-04-13 12:37:29.922 [info] > git check-ignore -v -z --stdin [2ms]
2023-04-13 12:37:31.475 [info] No remotes found in the git config file.
2023-04-13 12:37:31.476 [info] > git config --get commit.template [3ms]
2023-04-13 12:37:31.476 [info] > git for-each-ref --format=%(refname)%00%(upstream:short)%00%(objectname)%00%(upstream:track)%00%(upstream:remotename)%00%(upstream:remoteref) refs/heads/master refs/remotes/master [1ms]
2023-04-13 12:37:31.480 [info] > git status -z -uall [2ms]
2023-04-13 12:37:36.495 [info] No remotes found in the git config file.
2023-04-13 12:37:36.495 [info] > git config --get commit.template [4ms]
2023-04-13 12:37:36.496 [info] > git for-each-ref --format=%(refname)%00%(upstream:short)%00%(objectname)%00%(upstream:track)%00%(upstream:remotename)%00%(upstream:remoteref) refs/heads/master refs/remotes/master [1ms]
2023-04-13 12:37:36.501 [info] > git status -z -uall [2ms]
2023-04-13 12:37:41.515 [info] No remotes found in the git config file.
2023-04-13 12:37:41.515 [info] > git config --get commit.template [4ms]
2023-04-13 12:37:41.515 [info] > git for-each-ref --format=%(refname)%00%(upstream:short)%00%(objectname)%00%(upstream:track)%00%(upstream:remotename)%00%(upstream:remoteref) refs/heads/master refs/remotes/master [1ms]
2023-04-13 12:37:41.520 [info] > git status -z -uall [2ms]
2023-04-13 12:39:02.968 [info] No remotes found in the git config file.
2023-04-13 12:39:02.968 [info] > git config --get commit.template [4ms]
2023-04-13 12:39:02.968 [info] > git for-each-ref --format=%(refname)%00%(upstream:short)%00%(objectname)%00%(upstream:track)%00%(upstream:remotename)%00%(upstream:remoteref) refs/heads/master refs/remotes/master [0ms]
2023-04-13 12:39:02.974 [info] > git status -z -uall [2ms]
2023-04-13 12:39:03.002 [info] > git ls-files --stage -- /home/jmiller/.config/dwm/config.def.h [1ms]
2023-04-13 12:39:03.013 [info] > git show --textconv :config.def.h [0ms]
2023-04-13 12:39:07.987 [info] No remotes found in the git config file.
2023-04-13 12:39:07.987 [info] > git config --get commit.template [4ms]
2023-04-13 12:39:07.987 [info] > git for-each-ref --format=%(refname)%00%(upstream:short)%00%(objectname)%00%(upstream:track)%00%(upstream:remotename)%00%(upstream:remoteref) refs/heads/master refs/remotes/master [1ms]
2023-04-13 12:39:07.993 [info] > git status -z -uall [2ms]
2023-04-13 12:39:13.006 [info] No remotes found in the git config file.
2023-04-13 12:39:13.006 [info] > git config --get commit.template [4ms]
2023-04-13 12:39:13.006 [info] > git for-each-ref --format=%(refname)%00%(upstream:short)%00%(objectname)%00%(upstream:track)%00%(upstream:remotename)%00%(upstream:remoteref) refs/heads/master refs/remotes/master [1ms]
2023-04-13 12:39:13.012 [info] > git status -z -uall [2ms]
2023-04-13 12:39:18.025 [info] No remotes found in the git config file.
2023-04-13 12:39:18.025 [info] > git config --get commit.template [4ms]
2023-04-13 12:39:18.025 [info] > git for-each-ref --format=%(refname)%00%(upstream:short)%00%(objectname)%00%(upstream:track)%00%(upstream:remotename)%00%(upstream:remoteref) refs/heads/master refs/remotes/master [0ms]
2023-04-13 12:39:18.031 [info] > git status -z -uall [2ms]
2023-04-13 12:39:23.045 [info] No remotes found in the git config file.
2023-04-13 12:39:23.045 [info] > git config --get commit.template [4ms]
2023-04-13 12:39:23.045 [info] > git for-each-ref --format=%(refname)%00%(upstream:short)%00%(objectname)%00%(upstream:track)%00%(upstream:remotename)%00%(upstream:remoteref) refs/heads/master refs/remotes/master [0ms]
2023-04-13 12:39:23.051 [info] > git status -z -uall [2ms]
2023-04-13 12:39:28.064 [info] No remotes found in the git config file.
2023-04-13 12:39:28.064 [info] > git config --get commit.template [4ms]
2023-04-13 12:39:28.064 [info] > git for-each-ref --format=%(refname)%00%(upstream:short)%00%(objectname)%00%(upstream:track)%00%(upstream:remotename)%00%(upstream:remoteref) refs/heads/master refs/remotes/master [1ms]
2023-04-13 12:39:28.070 [info] > git status -z -uall [2ms]
2023-04-13 12:39:33.084 [info] No remotes found in the git config file.
2023-04-13 12:39:33.084 [info] > git config --get commit.template [4ms]
2023-04-13 12:39:33.085 [info] > git for-each-ref --format=%(refname)%00%(upstream:short)%00%(objectname)%00%(upstream:track)%00%(upstream:remotename)%00%(upstream:remoteref) refs/heads/master refs/remotes/master [1ms]
2023-04-13 12:39:33.090 [info] > git status -z -uall [2ms]
2023-04-13 12:39:38.103 [info] No remotes found in the git config file.
2023-04-13 12:39:38.104 [info] > git config --get commit.template [4ms]
2023-04-13 12:39:38.104 [info] > git for-each-ref --format=%(refname)%00%(upstream:short)%00%(objectname)%00%(upstream:track)%00%(upstream:remotename)%00%(upstream:remoteref) refs/heads/master refs/remotes/master [1ms]
2023-04-13 12:39:38.110 [info] > git status -z -uall [2ms]
2023-04-13 12:39:43.124 [info] No remotes found in the git config file.
2023-04-13 12:39:43.125 [info] > git config --get commit.template [4ms]
2023-04-13 12:39:43.125 [info] > git for-each-ref --format=%(refname)%00%(upstream:short)%00%(objectname)%00%(upstream:track)%00%(upstream:remotename)%00%(upstream:remoteref) refs/heads/master refs/remotes/master [1ms]
2023-04-13 12:39:43.131 [info] > git status -z -uall [1ms]
2023-04-13 12:42:39.107 [info] No remotes found in the git config file.
2023-04-13 12:42:39.108 [info] > git config --get commit.template [4ms]
2023-04-13 12:42:39.108 [info] > git for-each-ref --format=%(refname)%00%(upstream:short)%00%(objectname)%00%(upstream:track)%00%(upstream:remotename)%00%(upstream:remoteref) refs/heads/master refs/remotes/master [1ms]
2023-04-13 12:42:39.113 [info] > git status -z -uall [2ms]
2023-04-13 12:42:44.125 [info] No remotes found in the git config file.
2023-04-13 12:42:44.126 [info] > git config --get commit.template [3ms]
2023-04-13 12:42:44.126 [info] > git for-each-ref --format=%(refname)%00%(upstream:short)%00%(objectname)%00%(upstream:track)%00%(upstream:remotename)%00%(upstream:remoteref) refs/heads/master refs/remotes/master [1ms]
2023-04-13 12:42:44.131 [info] > git status -z -uall [2ms]
2023-04-13 12:42:54.585 [info] No remotes found in the git config file.
2023-04-13 12:42:54.586 [info] > git config --get commit.template [4ms]
2023-04-13 12:42:54.586 [info] > git for-each-ref --format=%(refname)%00%(upstream:short)%00%(objectname)%00%(upstream:track)%00%(upstream:remotename)%00%(upstream:remoteref) refs/heads/master refs/remotes/master [1ms]
2023-04-13 12:42:54.592 [info] > git status -z -uall [2ms]
2023-04-13 12:42:59.607 [info] No remotes found in the git config file.
2023-04-13 12:42:59.607 [info] > git config --get commit.template [4ms]
2023-04-13 12:42:59.607 [info] > git for-each-ref --format=%(refname)%00%(upstream:short)%00%(objectname)%00%(upstream:track)%00%(upstream:remotename)%00%(upstream:remoteref) refs/heads/master refs/remotes/master [0ms]
2023-04-13 12:42:59.613 [info] > git status -z -uall [2ms]
2023-04-13 12:43:04.625 [info] No remotes found in the git config file.
2023-04-13 12:43:04.625 [info] > git config --get commit.template [4ms]
2023-04-13 12:43:04.625 [info] > git for-each-ref --format=%(refname)%00%(upstream:short)%00%(objectname)%00%(upstream:track)%00%(upstream:remotename)%00%(upstream:remoteref) refs/heads/master refs/remotes/master [0ms]
2023-04-13 12:43:04.631 [info] > git status -z -uall [2ms]
2023-04-13 12:43:09.644 [info] No remotes found in the git config file.
2023-04-13 12:43:09.644 [info] > git config --get commit.template [4ms]
2023-04-13 12:43:09.644 [info] > git for-each-ref --format=%(refname)%00%(upstream:short)%00%(objectname)%00%(upstream:track)%00%(upstream:remotename)%00%(upstream:remoteref) refs/heads/master refs/remotes/master [1ms]
2023-04-13 12:43:09.649 [info] > git status -z -uall [1ms]
2023-04-13 12:43:14.663 [info] No remotes found in the git config file.
2023-04-13 12:43:14.664 [info] > git config --get commit.template [4ms]
2023-04-13 12:43:14.664 [info] > git for-each-ref --format=%(refname)%00%(upstream:short)%00%(objectname)%00%(upstream:track)%00%(upstream:remotename)%00%(upstream:remoteref) refs/heads/master refs/remotes/master [1ms]
2023-04-13 12:43:14.669 [info] > git status -z -uall [2ms]
2023-04-13 12:43:19.683 [info] No remotes found in the git config file.
2023-04-13 12:43:19.683 [info] > git config --get commit.template [4ms]
2023-04-13 12:43:19.683 [info] > git for-each-ref --format=%(refname)%00%(upstream:short)%00%(objectname)%00%(upstream:track)%00%(upstream:remotename)%00%(upstream:remoteref) refs/heads/master refs/remotes/master [0ms]
2023-04-13 12:43:19.689 [info] > git status -z -uall [2ms]
2023-04-13 12:43:24.703 [info] No remotes found in the git config file.
2023-04-13 12:43:24.703 [info] > git config --get commit.template [4ms]
2023-04-13 12:43:24.706 [info] > git for-each-ref --format=%(refname)%00%(upstream:short)%00%(objectname)%00%(upstream:track)%00%(upstream:remotename)%00%(upstream:remoteref) refs/heads/master refs/remotes/master [3ms]
2023-04-13 12:43:24.712 [info] > git status -z -uall [2ms]
2023-04-13 12:43:29.724 [info] No remotes found in the git config file.
2023-04-13 12:43:29.724 [info] > git config --get commit.template [4ms]
2023-04-13 12:43:29.724 [info] > git for-each-ref --format=%(refname)%00%(upstream:short)%00%(objectname)%00%(upstream:track)%00%(upstream:remotename)%00%(upstream:remoteref) refs/heads/master refs/remotes/master [0ms]
2023-04-13 12:43:29.730 [info] > git status -z -uall [2ms]
2023-04-13 12:43:34.740 [info] > git config --get commit.template [1ms]
2023-04-13 12:43:34.744 [info] No remotes found in the git config file.
2023-04-13 12:43:34.745 [info] > git for-each-ref --format=%(refname)%00%(upstream:short)%00%(objectname)%00%(upstream:track)%00%(upstream:remotename)%00%(upstream:remoteref) refs/heads/master refs/remotes/master [1ms]
2023-04-13 12:43:34.752 [info] > git status -z -uall [3ms]
2023-04-13 12:43:41.393 [info] No remotes found in the git config file.
2023-04-13 12:43:41.394 [info] > git config --get commit.template [3ms]
2023-04-13 12:43:41.394 [info] > git for-each-ref --format=%(refname)%00%(upstream:short)%00%(objectname)%00%(upstream:track)%00%(upstream:remotename)%00%(upstream:remoteref) refs/heads/master refs/remotes/master [1ms]
2023-04-13 12:43:41.398 [info] > git status -z -uall [2ms]
2023-04-13 12:45:58.406 [info] No remotes found in the git config file.
2023-04-13 12:45:58.406 [info] > git config --get commit.template [5ms]
2023-04-13 12:45:58.406 [info] > git for-each-ref --format=%(refname)%00%(upstream:short)%00%(objectname)%00%(upstream:track)%00%(upstream:remotename)%00%(upstream:remoteref) refs/heads/master refs/remotes/master [1ms]
2023-04-13 12:45:58.412 [info] > git status -z -uall [2ms]
2023-04-13 12:46:03.424 [info] No remotes found in the git config file.
2023-04-13 12:46:03.424 [info] > git config --get commit.template [3ms]
2023-04-13 12:46:03.425 [info] > git for-each-ref --format=%(refname)%00%(upstream:short)%00%(objectname)%00%(upstream:track)%00%(upstream:remotename)%00%(upstream:remoteref) refs/heads/master refs/remotes/master [1ms]
2023-04-13 12:46:03.430 [info] > git status -z -uall [2ms]
2023-04-13 12:46:08.442 [info] No remotes found in the git config file.
2023-04-13 12:46:08.442 [info] > git config --get commit.template [3ms]
2023-04-13 12:46:08.442 [info] > git for-each-ref --format=%(refname)%00%(upstream:short)%00%(objectname)%00%(upstream:track)%00%(upstream:remotename)%00%(upstream:remoteref) refs/heads/master refs/remotes/master [0ms]
2023-04-13 12:46:08.447 [info] > git status -z -uall [2ms]
2023-04-13 12:46:14.356 [info] No remotes found in the git config file.
2023-04-13 12:46:14.356 [info] > git config --get commit.template [4ms]
2023-04-13 12:46:14.356 [info] > git for-each-ref --format=%(refname)%00%(upstream:short)%00%(objectname)%00%(upstream:track)%00%(upstream:remotename)%00%(upstream:remoteref) refs/heads/master refs/remotes/master [0ms]
2023-04-13 12:46:14.362 [info] > git status -z -uall [2ms]
2023-04-13 12:46:19.376 [info] No remotes found in the git config file.
2023-04-13 12:46:19.376 [info] > git config --get commit.template [3ms]
2023-04-13 12:46:19.376 [info] > git for-each-ref --format=%(refname)%00%(upstream:short)%00%(objectname)%00%(upstream:track)%00%(upstream:remotename)%00%(upstream:remoteref) refs/heads/master refs/remotes/master [0ms]
2023-04-13 12:46:19.381 [info] > git status -z -uall [1ms]
2023-04-13 12:46:27.377 [info] No remotes found in the git config file.
2023-04-13 12:46:27.378 [info] > git config --get commit.template [3ms]
2023-04-13 12:46:27.378 [info] > git for-each-ref --format=%(refname)%00%(upstream:short)%00%(objectname)%00%(upstream:track)%00%(upstream:remotename)%00%(upstream:remoteref) refs/heads/master refs/remotes/master [1ms]
2023-04-13 12:46:27.383 [info] > git status -z -uall [2ms]
2023-04-13 12:46:45.095 [info] No remotes found in the git config file.
2023-04-13 12:46:45.095 [info] > git config --get commit.template [6ms]
2023-04-13 12:46:45.095 [info] > git for-each-ref --format=%(refname)%00%(upstream:short)%00%(objectname)%00%(upstream:track)%00%(upstream:remotename)%00%(upstream:remoteref) refs/heads/master refs/remotes/master [1ms]
2023-04-13 12:46:45.101 [info] > git status -z -uall [1ms]
2023-04-13 12:46:50.246 [info] No remotes found in the git config file.
2023-04-13 12:46:50.246 [info] > git config --get commit.template [5ms]
2023-04-13 12:46:50.249 [info] > git for-each-ref --format=%(refname)%00%(upstream:short)%00%(objectname)%00%(upstream:track)%00%(upstream:remotename)%00%(upstream:remoteref) refs/heads/master refs/remotes/master [3ms]
2023-04-13 12:46:50.255 [info] > git status -z -uall [2ms]
2023-04-13 12:47:58.724 [info] No remotes found in the git config file.
2023-04-13 12:47:58.724 [info] > git config --get commit.template [3ms]
2023-04-13 12:47:58.725 [info] > git for-each-ref --format=%(refname)%00%(upstream:short)%00%(objectname)%00%(upstream:track)%00%(upstream:remotename)%00%(upstream:remoteref) refs/heads/master refs/remotes/master [1ms]
2023-04-13 12:47:58.730 [info] > git status -z -uall [2ms]
2023-04-13 12:59:57.387 [info] No remotes found in the git config file.
2023-04-13 12:59:57.387 [info] > git config --get commit.template [4ms]
2023-04-13 12:59:57.388 [info] > git for-each-ref --format=%(refname)%00%(upstream:short)%00%(objectname)%00%(upstream:track)%00%(upstream:remotename)%00%(upstream:remoteref) refs/heads/master refs/remotes/master [1ms]
2023-04-13 12:59:57.393 [info] > git status -z -uall [2ms]
2023-04-13 13:03:33.313 [info] No remotes found in the git config file.
2023-04-13 13:03:33.313 [info] > git config --get commit.template [5ms]
2023-04-13 13:03:33.313 [info] > git for-each-ref --format=%(refname)%00%(upstream:short)%00%(objectname)%00%(upstream:track)%00%(upstream:remotename)%00%(upstream:remoteref) refs/heads/master refs/remotes/master [1ms]
2023-04-13 13:03:33.319 [info] > git status -z -uall [2ms]
2023-04-13 13:10:22.270 [warning] ENOENT: no such file or directory, open '/home/jmiller/.config/.git/HEAD'
2023-04-13 13:10:22.274 [warning] getRemotes() - ENOENT: no such file or directory, open '/home/jmiller/.config/.git/config'
2023-04-13 13:10:22.279 [info] > git config --get commit.template [1ms]
2023-04-13 13:10:22.279 [info] > git remote --verbose [5ms]
2023-04-13 13:10:22.279 [info] fatal: not a git repository (or any parent up to mount point /)
Stopping at filesystem boundary (GIT_DISCOVERY_ACROSS_FILESYSTEM not set).
2023-04-13 13:10:22.281 [info] > git symbolic-ref --short HEAD [11ms]
2023-04-13 13:10:22.281 [info] fatal: not a git repository (or any parent up to mount point /)
Stopping at filesystem boundary (GIT_DISCOVERY_ACROSS_FILESYSTEM not set).
2023-04-13 13:10:22.290 [warning] ENOENT: no such file or directory, open '/home/jmiller/.config/.git/HEAD'
2023-04-13 13:10:22.294 [warning] getRemotes() - ENOENT: no such file or directory, open '/home/jmiller/.config/.git/config'
2023-04-13 13:10:22.301 [info] > git config --get commit.template [3ms]
2023-04-13 13:10:22.301 [info] > git remote --verbose [7ms]
2023-04-13 13:10:22.301 [info] fatal: not a git repository (or any parent up to mount point /)
Stopping at filesystem boundary (GIT_DISCOVERY_ACROSS_FILESYSTEM not set).
2023-04-13 13:10:22.301 [info] > git symbolic-ref --short HEAD [11ms]
2023-04-13 13:10:22.301 [info] fatal: not a git repository (or any parent up to mount point /)
Stopping at filesystem boundary (GIT_DISCOVERY_ACROSS_FILESYSTEM not set).
2023-04-13 13:10:22.305 [info] > git rev-parse HEAD [20ms]
2023-04-13 13:10:22.305 [info] fatal: not a git repository (or any parent up to mount point /)
Stopping at filesystem boundary (GIT_DISCOVERY_ACROSS_FILESYSTEM not set).
2023-04-13 13:10:22.306 [info] > git rev-parse HEAD [1ms]
2023-04-13 13:10:22.306 [info] fatal: not a git repository (or any parent up to mount point /)
Stopping at filesystem boundary (GIT_DISCOVERY_ACROSS_FILESYSTEM not set).
2023-04-13 13:10:22.930 [info] > git check-ignore -v -z --stdin [8ms]
2023-04-13 13:10:22.931 [info] > git check-ignore -v -z --stdin [5ms]
2023-04-13 13:10:22.931 [info] > git check-ignore -v -z --stdin [1ms]
2023-04-13 13:10:30.741 [info] Log level: Info
2023-04-13 13:10:30.741 [info] Validating found git in: "git"
2023-04-13 13:10:30.741 [info] Using git "2.40.0" from "git"
