2023-04-13 12:48:05.170 [info] Added views:workbench.panel.markers.view in workbench.panel.markers
2023-04-13 12:48:05.170 [info] Added views:workbench.panel.output in workbench.panel.output
2023-04-13 12:48:05.170 [info] Added views:terminal in terminal
2023-04-13 12:48:05.170 [info] Added views:outline in workbench.view.explorer
2023-04-13 12:48:05.170 [info] Added views:workbench.scm in workbench.view.scm
2023-04-13 12:48:05.170 [info] Added views:workbench.view.search in workbench.view.search
2023-04-13 12:48:05.170 [info] Added views:timeline in workbench.view.explorer
2023-04-13 12:48:05.170 [info] Added views:workbench.explorer.emptyView in workbench.view.explorer
2023-04-13 12:48:05.361 [info] Added views:workbench.debug.variablesView,workbench.debug.watchExpressionsView,workbench.debug.callStackView,workbench.debug.breakPointsView in workbench.view.debug
2023-04-13 12:48:05.486 [info] Added views:workbench.panel.repl.view in workbench.panel.repl
2023-04-13 12:48:05.487 [info] Removed views:workbench.debug.breakPointsView,workbench.debug.callStackView,workbench.debug.watchExpressionsView,workbench.debug.variablesView from workbench.view.debug
2023-04-13 12:48:05.488 [info] Added views:workbench.debug.welcome in workbench.view.debug
2023-04-13 12:48:28.230 [info] Added views:workbench.panel.markers.view in workbench.panel.markers
2023-04-13 12:48:28.230 [info] Added views:workbench.panel.output in workbench.panel.output
2023-04-13 12:48:28.230 [info] Added views:terminal in terminal
2023-04-13 12:48:28.230 [info] Added views:outline in workbench.view.explorer
2023-04-13 12:48:28.230 [info] Added views:workbench.scm in workbench.view.scm
2023-04-13 12:48:28.230 [info] Added views:workbench.view.search in workbench.view.search
2023-04-13 12:48:28.230 [info] Added views:timeline in workbench.view.explorer
2023-04-13 12:48:28.230 [info] Added views:workbench.explorer.fileView in workbench.view.explorer
2023-04-13 12:48:28.372 [info] Added views:workbench.debug.welcome in workbench.view.debug
2023-04-13 12:48:28.695 [info] Added views:workbench.panel.repl.view in workbench.panel.repl
2023-04-13 12:48:33.732 [info] Added views:workbench.panel.markers.view in workbench.panel.markers
2023-04-13 12:48:33.732 [info] Added views:workbench.panel.output in workbench.panel.output
2023-04-13 12:48:33.732 [info] Added views:terminal in terminal
2023-04-13 12:48:33.732 [info] Added views:outline in workbench.view.explorer
2023-04-13 12:48:33.732 [info] Added views:workbench.scm in workbench.view.scm
2023-04-13 12:48:33.732 [info] Added views:workbench.view.search in workbench.view.search
2023-04-13 12:48:33.732 [info] Added views:timeline in workbench.view.explorer
2023-04-13 12:48:33.732 [info] Added views:workbench.explorer.emptyView in workbench.view.explorer
2023-04-13 12:48:33.760 [info] Added views:workbench.debug.variablesView,workbench.debug.watchExpressionsView,workbench.debug.callStackView,workbench.debug.breakPointsView in workbench.view.debug
2023-04-13 12:48:34.052 [info] Added views:workbench.panel.repl.view in workbench.panel.repl
2023-04-13 12:48:34.052 [info] Removed views:workbench.debug.breakPointsView,workbench.debug.callStackView,workbench.debug.watchExpressionsView,workbench.debug.variablesView from workbench.view.debug
2023-04-13 12:48:34.053 [info] Added views:workbench.debug.welcome in workbench.view.debug
