2023-04-13 12:36:38.849 [info] Log level: Info
2023-04-13 12:36:38.849 [info] Validating found git in: "git"
2023-04-13 12:36:38.849 [info] Using git "2.40.0" from "git"
2023-04-13 12:36:38.849 [info] > git rev-parse --show-toplevel [2ms]
2023-04-13 12:36:38.849 [info] > git rev-parse --git-dir --git-common-dir [0ms]
2023-04-13 12:36:38.849 [info] Open repository: /home/jmiller/.config
2023-04-13 12:36:38.849 [info] > git rev-parse --show-toplevel [18ms]
2023-04-13 12:36:38.855 [info] > git config --get commit.template [7ms]
2023-04-13 12:36:38.860 [info] No remotes found in the git config file.
2023-04-13 12:36:38.860 [info] > git rev-parse --git-dir --git-common-dir [6ms]
2023-04-13 12:36:38.863 [info] Open repository: /home/jmiller/.config/dwm
2023-04-13 12:36:38.869 [info] > git for-each-ref --format=%(refname)%00%(upstream:short)%00%(objectname)%00%(upstream:track)%00%(upstream:remotename)%00%(upstream:remoteref) refs/heads/master refs/remotes/master [9ms]
2023-04-13 12:36:38.873 [info] > git config --get commit.template [4ms]
2023-04-13 12:36:38.873 [info] > git rev-parse --show-toplevel [7ms]
2023-04-13 12:36:38.877 [info] > git status -z -uall [5ms]
2023-04-13 12:36:38.888 [info] No remotes found in the git config file.
2023-04-13 12:36:38.899 [info] > git rev-parse --show-toplevel [23ms]
2023-04-13 12:36:38.903 [info] > git config --get commit.template [10ms]
2023-04-13 12:36:38.903 [info] > git for-each-ref --format=%(refname)%00%(upstream:short)%00%(objectname)%00%(upstream:track)%00%(upstream:remotename)%00%(upstream:remoteref) refs/heads/master refs/remotes/master [12ms]
2023-04-13 12:36:38.906 [info] > git rev-parse --show-toplevel [4ms]
2023-04-13 12:36:38.911 [info] No remotes found in the git config file.
2023-04-13 12:36:38.911 [info] > git status -z -uall [5ms]
2023-04-13 12:36:38.921 [info] > git for-each-ref --format=%(refname)%00%(upstream:short)%00%(objectname)%00%(upstream:track)%00%(upstream:remotename)%00%(upstream:remoteref) refs/heads/master refs/remotes/master [10ms]
2023-04-13 12:36:38.924 [info] > git rev-parse --git-dir --git-common-dir [15ms]
2023-04-13 12:36:38.926 [info] Open repository: /home/jmiller/.config/dmenu
2023-04-13 12:36:38.970 [info] > git status -z -uall [46ms]
2023-04-13 12:36:38.970 [info] > git rev-parse --show-toplevel [41ms]
2023-04-13 12:36:38.978 [info] > git config --get commit.template [61ms]
2023-04-13 12:36:38.981 [info] > git rev-parse --show-toplevel [8ms]
2023-04-13 12:36:38.984 [info] > git config --get commit.template [15ms]
2023-04-13 12:36:38.986 [info] No remotes found in the git config file.
2023-04-13 12:36:38.989 [info] > git rev-parse --show-toplevel [5ms]
2023-04-13 12:36:38.993 [info] > git for-each-ref --format=%(refname)%00%(upstream:short)%00%(objectname)%00%(upstream:track)%00%(upstream:remotename)%00%(upstream:remoteref) refs/heads/master refs/remotes/master [4ms]
2023-04-13 12:36:38.997 [info] > git for-each-ref --format=%(refname)%00%(upstream:short)%00%(objectname)%00%(upstream:track)%00%(upstream:remotename)%00%(upstream:remoteref) refs/heads/master refs/remotes/master [11ms]
2023-04-13 12:36:39.003 [info] > git status -z -uall [7ms]
2023-04-13 12:36:39.003 [info] > git status -z -uall [3ms]
2023-04-13 12:36:39.005 [info] > git rev-parse --show-toplevel [13ms]
2023-04-13 12:36:39.012 [info] > git config --get commit.template [1ms]
2023-04-13 12:36:39.012 [info] > git rev-parse --show-toplevel [4ms]
2023-04-13 12:36:39.018 [info] > git rev-parse --show-toplevel [4ms]
2023-04-13 12:36:39.023 [info] > git for-each-ref --format=%(refname)%00%(upstream:short)%00%(objectname)%00%(upstream:track)%00%(upstream:remotename)%00%(upstream:remoteref) refs/heads/master refs/remotes/master [5ms]
2023-04-13 12:36:39.027 [info] > git rev-parse --git-dir --git-common-dir [5ms]
2023-04-13 12:36:39.028 [info] Open repository: /home/jmiller/.config/slstatus
2023-04-13 12:36:39.036 [info] > git status -z -uall [10ms]
2023-04-13 12:36:39.037 [info] > git config --get commit.template [1ms]
2023-04-13 12:36:39.037 [info] > git rev-parse --show-toplevel [5ms]
2023-04-13 12:36:39.042 [info] > git rev-parse --git-dir --git-common-dir [3ms]
2023-04-13 12:36:39.044 [info] Open repository: /home/jmiller/.config/st
2023-04-13 12:36:39.047 [info] > git for-each-ref --format=%(refname)%00%(upstream:short)%00%(objectname)%00%(upstream:track)%00%(upstream:remotename)%00%(upstream:remoteref) refs/heads/master refs/remotes/master [5ms]
2023-04-13 12:36:39.050 [info] > git config --get commit.template [3ms]
2023-04-13 12:36:39.054 [info] > git status -z -uall [5ms]
2023-04-13 12:36:39.060 [info] > git for-each-ref --format=%(refname)%00%(upstream:short)%00%(objectname)%00%(upstream:track)%00%(upstream:remotename)%00%(upstream:remoteref) refs/heads/master refs/remotes/master [7ms]
2023-04-13 12:36:39.065 [info] > git status -z -uall [2ms]
2023-04-13 12:36:39.065 [info] > git config --get commit.template [5ms]
2023-04-13 12:36:39.113 [info] > git config --get commit.template [39ms]
2023-04-13 12:36:39.113 [info] > git for-each-ref --format=%(refname)%00%(upstream:short)%00%(objectname)%00%(upstream:track)%00%(upstream:remotename)%00%(upstream:remoteref) refs/heads/master refs/remotes/master [43ms]
2023-04-13 12:36:39.120 [info] > git status -z -uall [3ms]
2023-04-13 12:36:39.126 [info] > git for-each-ref --format=%(refname)%00%(upstream:short)%00%(objectname)%00%(upstream:track)%00%(upstream:remotename)%00%(upstream:remoteref) refs/heads/master refs/remotes/master [0ms]
2023-04-13 12:36:39.131 [info] > git status -z -uall [3ms]
2023-04-13 12:36:39.358 [info] > git show --textconv :config.def.h [4ms]
2023-04-13 12:36:39.359 [info] > git ls-files --stage -- /home/jmiller/.config/dwm/config.def.h [1ms]
2023-04-13 12:36:39.576 [info] > git check-ignore -v -z --stdin [17ms]
2023-04-13 12:36:39.576 [info] > git check-ignore -v -z --stdin [13ms]
2023-04-13 12:36:39.576 [info] > git check-ignore -v -z --stdin [9ms]
2023-04-13 12:36:39.577 [info] > git check-ignore -v -z --stdin [6ms]
2023-04-13 12:36:39.577 [info] > git check-ignore -v -z --stdin [2ms]
2023-04-13 12:36:42.351 [info] No remotes found in the git config file.
2023-04-13 12:36:42.351 [info] > git config --get commit.template [4ms]
2023-04-13 12:36:42.352 [info] > git for-each-ref --format=%(refname)%00%(upstream:short)%00%(objectname)%00%(upstream:track)%00%(upstream:remotename)%00%(upstream:remoteref) refs/heads/master refs/remotes/master [1ms]
2023-04-13 12:36:42.357 [info] > git status -z -uall [1ms]
2023-04-13 12:36:47.371 [info] No remotes found in the git config file.
2023-04-13 12:36:47.372 [info] > git config --get commit.template [4ms]
2023-04-13 12:36:47.372 [info] > git for-each-ref --format=%(refname)%00%(upstream:short)%00%(objectname)%00%(upstream:track)%00%(upstream:remotename)%00%(upstream:remoteref) refs/heads/master refs/remotes/master [1ms]
2023-04-13 12:36:47.377 [info] > git status -z -uall [2ms]
2023-04-13 12:36:52.391 [info] No remotes found in the git config file.
2023-04-13 12:36:52.391 [info] > git config --get commit.template [4ms]
2023-04-13 12:36:52.392 [info] > git for-each-ref --format=%(refname)%00%(upstream:short)%00%(objectname)%00%(upstream:track)%00%(upstream:remotename)%00%(upstream:remoteref) refs/heads/master refs/remotes/master [1ms]
2023-04-13 12:36:52.397 [info] > git status -z -uall [2ms]
2023-04-13 12:36:57.411 [info] No remotes found in the git config file.
2023-04-13 12:36:57.411 [info] > git config --get commit.template [4ms]
2023-04-13 12:36:57.412 [info] > git for-each-ref --format=%(refname)%00%(upstream:short)%00%(objectname)%00%(upstream:track)%00%(upstream:remotename)%00%(upstream:remoteref) refs/heads/master refs/remotes/master [1ms]
2023-04-13 12:36:57.417 [info] > git status -z -uall [2ms]
2023-04-13 12:37:02.430 [info] No remotes found in the git config file.
2023-04-13 12:37:02.430 [info] > git config --get commit.template [4ms]
2023-04-13 12:37:02.433 [info] > git for-each-ref --format=%(refname)%00%(upstream:short)%00%(objectname)%00%(upstream:track)%00%(upstream:remotename)%00%(upstream:remoteref) refs/heads/master refs/remotes/master [3ms]
2023-04-13 12:37:02.438 [info] > git status -z -uall [2ms]
2023-04-13 12:37:07.451 [info] No remotes found in the git config file.
2023-04-13 12:37:07.452 [info] > git config --get commit.template [5ms]
2023-04-13 12:37:07.452 [info] > git for-each-ref --format=%(refname)%00%(upstream:short)%00%(objectname)%00%(upstream:track)%00%(upstream:remotename)%00%(upstream:remoteref) refs/heads/master refs/remotes/master [1ms]
2023-04-13 12:37:07.457 [info] > git status -z -uall [2ms]
2023-04-13 12:37:12.469 [info] No remotes found in the git config file.
2023-04-13 12:37:12.470 [info] > git config --get commit.template [4ms]
2023-04-13 12:37:12.470 [info] > git for-each-ref --format=%(refname)%00%(upstream:short)%00%(objectname)%00%(upstream:track)%00%(upstream:remotename)%00%(upstream:remoteref) refs/heads/master refs/remotes/master [1ms]
2023-04-13 12:37:12.475 [info] > git status -z -uall [2ms]
2023-04-13 12:37:17.488 [info] No remotes found in the git config file.
2023-04-13 12:37:17.489 [info] > git config --get commit.template [4ms]
2023-04-13 12:37:17.489 [info] > git for-each-ref --format=%(refname)%00%(upstream:short)%00%(objectname)%00%(upstream:track)%00%(upstream:remotename)%00%(upstream:remoteref) refs/heads/master refs/remotes/master [1ms]
2023-04-13 12:37:17.494 [info] > git status -z -uall [2ms]
2023-04-13 12:37:22.507 [info] No remotes found in the git config file.
2023-04-13 12:37:22.508 [info] > git config --get commit.template [5ms]
2023-04-13 12:37:22.511 [info] > git for-each-ref --format=%(refname)%00%(upstream:short)%00%(objectname)%00%(upstream:track)%00%(upstream:remotename)%00%(upstream:remoteref) refs/heads/master refs/remotes/master [4ms]
2023-04-13 12:37:22.516 [info] > git status -z -uall [2ms]
2023-04-13 12:37:27.530 [info] No remotes found in the git config file.
2023-04-13 12:37:27.530 [info] > git config --get commit.template [5ms]
2023-04-13 12:37:27.531 [info] > git for-each-ref --format=%(refname)%00%(upstream:short)%00%(objectname)%00%(upstream:track)%00%(upstream:remotename)%00%(upstream:remoteref) refs/heads/master refs/remotes/master [1ms]
2023-04-13 12:37:27.537 [info] > git status -z -uall [2ms]
2023-04-13 12:37:32.551 [info] No remotes found in the git config file.
2023-04-13 12:37:32.551 [info] > git config --get commit.template [3ms]
2023-04-13 12:37:32.552 [info] > git for-each-ref --format=%(refname)%00%(upstream:short)%00%(objectname)%00%(upstream:track)%00%(upstream:remotename)%00%(upstream:remoteref) refs/heads/master refs/remotes/master [1ms]
2023-04-13 12:37:32.556 [info] > git status -z -uall [2ms]
2023-04-13 12:37:37.569 [info] No remotes found in the git config file.
2023-04-13 12:37:37.569 [info] > git config --get commit.template [3ms]
2023-04-13 12:37:37.569 [info] > git for-each-ref --format=%(refname)%00%(upstream:short)%00%(objectname)%00%(upstream:track)%00%(upstream:remotename)%00%(upstream:remoteref) refs/heads/master refs/remotes/master [0ms]
2023-04-13 12:37:37.575 [info] > git status -z -uall [2ms]
2023-04-13 12:37:42.587 [info] No remotes found in the git config file.
2023-04-13 12:37:42.588 [info] > git config --get commit.template [4ms]
2023-04-13 12:37:42.591 [info] > git for-each-ref --format=%(refname)%00%(upstream:short)%00%(objectname)%00%(upstream:track)%00%(upstream:remotename)%00%(upstream:remoteref) refs/heads/master refs/remotes/master [4ms]
2023-04-13 12:37:42.596 [info] > git status -z -uall [2ms]
2023-04-13 12:37:47.609 [info] No remotes found in the git config file.
2023-04-13 12:37:47.609 [info] > git config --get commit.template [3ms]
2023-04-13 12:37:47.609 [info] > git for-each-ref --format=%(refname)%00%(upstream:short)%00%(objectname)%00%(upstream:track)%00%(upstream:remotename)%00%(upstream:remoteref) refs/heads/master refs/remotes/master [0ms]
2023-04-13 12:37:47.614 [info] > git status -z -uall [1ms]
2023-04-13 12:37:52.092 [info] > git ls-files --stage -- /home/jmiller/.config/dwm/config.def.h [0ms]
2023-04-13 12:37:52.099 [info] > git show --textconv :config.def.h [0ms]
2023-04-13 12:37:52.626 [info] No remotes found in the git config file.
2023-04-13 12:37:52.627 [info] > git config --get commit.template [4ms]
2023-04-13 12:37:52.627 [info] > git for-each-ref --format=%(refname)%00%(upstream:short)%00%(objectname)%00%(upstream:track)%00%(upstream:remotename)%00%(upstream:remoteref) refs/heads/master refs/remotes/master [1ms]
2023-04-13 12:37:52.632 [info] > git status -z -uall [2ms]
2023-04-13 12:37:57.644 [info] No remotes found in the git config file.
2023-04-13 12:37:57.644 [info] > git config --get commit.template [3ms]
2023-04-13 12:37:57.644 [info] > git for-each-ref --format=%(refname)%00%(upstream:short)%00%(objectname)%00%(upstream:track)%00%(upstream:remotename)%00%(upstream:remoteref) refs/heads/master refs/remotes/master [1ms]
2023-04-13 12:37:57.649 [info] > git status -z -uall [2ms]
2023-04-13 12:38:02.662 [info] No remotes found in the git config file.
2023-04-13 12:38:02.662 [info] > git config --get commit.template [3ms]
2023-04-13 12:38:02.662 [info] > git for-each-ref --format=%(refname)%00%(upstream:short)%00%(objectname)%00%(upstream:track)%00%(upstream:remotename)%00%(upstream:remoteref) refs/heads/master refs/remotes/master [1ms]
2023-04-13 12:38:02.667 [info] > git status -z -uall [1ms]
2023-04-13 12:38:07.680 [info] No remotes found in the git config file.
2023-04-13 12:38:07.680 [info] > git config --get commit.template [3ms]
2023-04-13 12:38:07.680 [info] > git for-each-ref --format=%(refname)%00%(upstream:short)%00%(objectname)%00%(upstream:track)%00%(upstream:remotename)%00%(upstream:remoteref) refs/heads/master refs/remotes/master [0ms]
2023-04-13 12:38:07.685 [info] > git status -z -uall [1ms]
2023-04-13 12:38:12.699 [info] No remotes found in the git config file.
2023-04-13 12:38:12.699 [info] > git config --get commit.template [5ms]
2023-04-13 12:38:12.700 [info] > git for-each-ref --format=%(refname)%00%(upstream:short)%00%(objectname)%00%(upstream:track)%00%(upstream:remotename)%00%(upstream:remoteref) refs/heads/master refs/remotes/master [1ms]
2023-04-13 12:38:12.706 [info] > git status -z -uall [2ms]
2023-04-13 12:38:17.718 [info] No remotes found in the git config file.
2023-04-13 12:38:17.718 [info] > git config --get commit.template [3ms]
2023-04-13 12:38:17.722 [info] > git for-each-ref --format=%(refname)%00%(upstream:short)%00%(objectname)%00%(upstream:track)%00%(upstream:remotename)%00%(upstream:remoteref) refs/heads/master refs/remotes/master [3ms]
2023-04-13 12:38:17.726 [info] > git status -z -uall [2ms]
2023-04-13 12:38:22.736 [info] No remotes found in the git config file.
2023-04-13 12:38:22.737 [info] > git config --get commit.template [4ms]
2023-04-13 12:38:22.740 [info] > git for-each-ref --format=%(refname)%00%(upstream:short)%00%(objectname)%00%(upstream:track)%00%(upstream:remotename)%00%(upstream:remoteref) refs/heads/master refs/remotes/master [4ms]
2023-04-13 12:38:22.745 [info] > git status -z -uall [1ms]
2023-04-13 12:38:27.758 [info] No remotes found in the git config file.
2023-04-13 12:38:27.758 [info] > git config --get commit.template [4ms]
2023-04-13 12:38:27.761 [info] > git for-each-ref --format=%(refname)%00%(upstream:short)%00%(objectname)%00%(upstream:track)%00%(upstream:remotename)%00%(upstream:remoteref) refs/heads/master refs/remotes/master [3ms]
2023-04-13 12:38:27.767 [info] > git status -z -uall [2ms]
2023-04-13 12:38:32.779 [info] No remotes found in the git config file.
2023-04-13 12:38:32.779 [info] > git config --get commit.template [3ms]
2023-04-13 12:38:32.779 [info] > git for-each-ref --format=%(refname)%00%(upstream:short)%00%(objectname)%00%(upstream:track)%00%(upstream:remotename)%00%(upstream:remoteref) refs/heads/master refs/remotes/master [0ms]
2023-04-13 12:38:32.785 [info] > git status -z -uall [2ms]
2023-04-13 12:38:37.797 [info] No remotes found in the git config file.
2023-04-13 12:38:37.798 [info] > git config --get commit.template [4ms]
2023-04-13 12:38:37.798 [info] > git for-each-ref --format=%(refname)%00%(upstream:short)%00%(objectname)%00%(upstream:track)%00%(upstream:remotename)%00%(upstream:remoteref) refs/heads/master refs/remotes/master [1ms]
2023-04-13 12:38:37.803 [info] > git status -z -uall [2ms]
2023-04-13 12:38:42.815 [info] No remotes found in the git config file.
2023-04-13 12:38:42.816 [info] > git config --get commit.template [4ms]
2023-04-13 12:38:42.816 [info] > git for-each-ref --format=%(refname)%00%(upstream:short)%00%(objectname)%00%(upstream:track)%00%(upstream:remotename)%00%(upstream:remoteref) refs/heads/master refs/remotes/master [1ms]
2023-04-13 12:38:42.821 [info] > git status -z -uall [2ms]
2023-04-13 12:38:47.833 [info] No remotes found in the git config file.
2023-04-13 12:38:47.833 [info] > git config --get commit.template [3ms]
2023-04-13 12:38:47.833 [info] > git for-each-ref --format=%(refname)%00%(upstream:short)%00%(objectname)%00%(upstream:track)%00%(upstream:remotename)%00%(upstream:remoteref) refs/heads/master refs/remotes/master [0ms]
2023-04-13 12:38:47.839 [info] > git status -z -uall [2ms]
2023-04-13 12:38:52.850 [info] No remotes found in the git config file.
2023-04-13 12:38:52.851 [info] > git config --get commit.template [3ms]
2023-04-13 12:38:52.854 [info] > git for-each-ref --format=%(refname)%00%(upstream:short)%00%(objectname)%00%(upstream:track)%00%(upstream:remotename)%00%(upstream:remoteref) refs/heads/master refs/remotes/master [4ms]
2023-04-13 12:38:52.859 [info] > git status -z -uall [2ms]
2023-04-13 12:38:57.871 [info] No remotes found in the git config file.
2023-04-13 12:38:57.872 [info] > git config --get commit.template [5ms]
2023-04-13 12:38:57.875 [info] > git for-each-ref --format=%(refname)%00%(upstream:short)%00%(objectname)%00%(upstream:track)%00%(upstream:remotename)%00%(upstream:remoteref) refs/heads/master refs/remotes/master [4ms]
2023-04-13 12:38:57.880 [info] > git status -z -uall [1ms]
2023-04-13 12:39:02.892 [info] No remotes found in the git config file.
2023-04-13 12:39:02.892 [info] > git config --get commit.template [3ms]
2023-04-13 12:39:02.896 [info] > git for-each-ref --format=%(refname)%00%(upstream:short)%00%(objectname)%00%(upstream:track)%00%(upstream:remotename)%00%(upstream:remoteref) refs/heads/master refs/remotes/master [4ms]
2023-04-13 12:39:02.901 [info] > git status -z -uall [2ms]
2023-04-13 12:39:07.913 [info] No remotes found in the git config file.
2023-04-13 12:39:07.914 [info] > git config --get commit.template [3ms]
2023-04-13 12:39:07.914 [info] > git for-each-ref --format=%(refname)%00%(upstream:short)%00%(objectname)%00%(upstream:track)%00%(upstream:remotename)%00%(upstream:remoteref) refs/heads/master refs/remotes/master [1ms]
2023-04-13 12:39:07.919 [info] > git status -z -uall [2ms]
2023-04-13 12:39:12.930 [info] No remotes found in the git config file.
2023-04-13 12:39:12.930 [info] > git config --get commit.template [3ms]
2023-04-13 12:39:12.931 [info] > git for-each-ref --format=%(refname)%00%(upstream:short)%00%(objectname)%00%(upstream:track)%00%(upstream:remotename)%00%(upstream:remoteref) refs/heads/master refs/remotes/master [1ms]
2023-04-13 12:39:12.936 [info] > git status -z -uall [2ms]
2023-04-13 12:39:17.949 [info] No remotes found in the git config file.
2023-04-13 12:39:17.949 [info] > git config --get commit.template [4ms]
2023-04-13 12:39:17.950 [info] > git for-each-ref --format=%(refname)%00%(upstream:short)%00%(objectname)%00%(upstream:track)%00%(upstream:remotename)%00%(upstream:remoteref) refs/heads/master refs/remotes/master [1ms]
2023-04-13 12:39:17.955 [info] > git status -z -uall [2ms]
2023-04-13 12:39:22.967 [info] No remotes found in the git config file.
2023-04-13 12:39:22.968 [info] > git config --get commit.template [4ms]
2023-04-13 12:39:22.971 [info] > git for-each-ref --format=%(refname)%00%(upstream:short)%00%(objectname)%00%(upstream:track)%00%(upstream:remotename)%00%(upstream:remoteref) refs/heads/master refs/remotes/master [4ms]
2023-04-13 12:39:22.976 [info] > git status -z -uall [2ms]
2023-04-13 12:39:27.987 [info] No remotes found in the git config file.
2023-04-13 12:39:27.987 [info] > git config --get commit.template [3ms]
2023-04-13 12:39:27.991 [info] > git for-each-ref --format=%(refname)%00%(upstream:short)%00%(objectname)%00%(upstream:track)%00%(upstream:remotename)%00%(upstream:remoteref) refs/heads/master refs/remotes/master [3ms]
2023-04-13 12:39:27.996 [info] > git status -z -uall [2ms]
2023-04-13 12:39:33.007 [info] No remotes found in the git config file.
2023-04-13 12:39:33.008 [info] > git config --get commit.template [3ms]
2023-04-13 12:39:33.008 [info] > git for-each-ref --format=%(refname)%00%(upstream:short)%00%(objectname)%00%(upstream:track)%00%(upstream:remotename)%00%(upstream:remoteref) refs/heads/master refs/remotes/master [1ms]
2023-04-13 12:39:33.013 [info] > git status -z -uall [2ms]
2023-04-13 12:39:38.025 [info] No remotes found in the git config file.
2023-04-13 12:39:38.025 [info] > git config --get commit.template [3ms]
2023-04-13 12:39:38.026 [info] > git for-each-ref --format=%(refname)%00%(upstream:short)%00%(objectname)%00%(upstream:track)%00%(upstream:remotename)%00%(upstream:remoteref) refs/heads/master refs/remotes/master [1ms]
2023-04-13 12:39:38.031 [info] > git status -z -uall [2ms]
2023-04-13 12:39:43.043 [info] No remotes found in the git config file.
2023-04-13 12:39:43.044 [info] > git config --get commit.template [5ms]
2023-04-13 12:39:43.044 [info] > git for-each-ref --format=%(refname)%00%(upstream:short)%00%(objectname)%00%(upstream:track)%00%(upstream:remotename)%00%(upstream:remoteref) refs/heads/master refs/remotes/master [1ms]
2023-04-13 12:39:43.049 [info] > git status -z -uall [1ms]
2023-04-13 12:39:48.063 [info] No remotes found in the git config file.
2023-04-13 12:39:48.063 [info] > git config --get commit.template [3ms]
2023-04-13 12:39:48.063 [info] > git for-each-ref --format=%(refname)%00%(upstream:short)%00%(objectname)%00%(upstream:track)%00%(upstream:remotename)%00%(upstream:remoteref) refs/heads/master refs/remotes/master [0ms]
2023-04-13 12:39:48.069 [info] > git status -z -uall [2ms]
2023-04-13 12:39:53.080 [info] No remotes found in the git config file.
2023-04-13 12:39:53.081 [info] > git config --get commit.template [4ms]
2023-04-13 12:39:53.081 [info] > git for-each-ref --format=%(refname)%00%(upstream:short)%00%(objectname)%00%(upstream:track)%00%(upstream:remotename)%00%(upstream:remoteref) refs/heads/master refs/remotes/master [1ms]
2023-04-13 12:39:53.086 [info] > git status -z -uall [2ms]
2023-04-13 12:39:58.103 [info] No remotes found in the git config file.
2023-04-13 12:39:58.104 [info] > git config --get commit.template [7ms]
2023-04-13 12:39:58.104 [info] > git for-each-ref --format=%(refname)%00%(upstream:short)%00%(objectname)%00%(upstream:track)%00%(upstream:remotename)%00%(upstream:remoteref) refs/heads/master refs/remotes/master [1ms]
2023-04-13 12:39:58.111 [info] > git status -z -uall [2ms]
2023-04-13 12:40:03.122 [info] No remotes found in the git config file.
2023-04-13 12:40:03.123 [info] > git config --get commit.template [4ms]
2023-04-13 12:40:03.123 [info] > git for-each-ref --format=%(refname)%00%(upstream:short)%00%(objectname)%00%(upstream:track)%00%(upstream:remotename)%00%(upstream:remoteref) refs/heads/master refs/remotes/master [1ms]
2023-04-13 12:40:03.128 [info] > git status -z -uall [1ms]
2023-04-13 12:40:08.140 [info] No remotes found in the git config file.
2023-04-13 12:40:08.141 [info] > git config --get commit.template [4ms]
2023-04-13 12:40:08.141 [info] > git for-each-ref --format=%(refname)%00%(upstream:short)%00%(objectname)%00%(upstream:track)%00%(upstream:remotename)%00%(upstream:remoteref) refs/heads/master refs/remotes/master [1ms]
2023-04-13 12:40:08.146 [info] > git status -z -uall [2ms]
2023-04-13 12:40:13.160 [info] No remotes found in the git config file.
2023-04-13 12:40:13.161 [info] > git config --get commit.template [4ms]
2023-04-13 12:40:13.161 [info] > git for-each-ref --format=%(refname)%00%(upstream:short)%00%(objectname)%00%(upstream:track)%00%(upstream:remotename)%00%(upstream:remoteref) refs/heads/master refs/remotes/master [1ms]
2023-04-13 12:40:13.166 [info] > git status -z -uall [2ms]
2023-04-13 12:40:18.178 [info] No remotes found in the git config file.
2023-04-13 12:40:18.179 [info] > git config --get commit.template [3ms]
2023-04-13 12:40:18.179 [info] > git for-each-ref --format=%(refname)%00%(upstream:short)%00%(objectname)%00%(upstream:track)%00%(upstream:remotename)%00%(upstream:remoteref) refs/heads/master refs/remotes/master [1ms]
2023-04-13 12:40:18.184 [info] > git status -z -uall [2ms]
2023-04-13 12:40:23.193 [info] No remotes found in the git config file.
2023-04-13 12:40:23.197 [info] > git config --get commit.template [4ms]
2023-04-13 12:40:23.197 [info] > git for-each-ref --format=%(refname)%00%(upstream:short)%00%(objectname)%00%(upstream:track)%00%(upstream:remotename)%00%(upstream:remoteref) refs/heads/master refs/remotes/master [1ms]
2023-04-13 12:40:23.202 [info] > git status -z -uall [2ms]
2023-04-13 12:40:28.214 [info] No remotes found in the git config file.
2023-04-13 12:40:28.215 [info] > git config --get commit.template [4ms]
2023-04-13 12:40:28.215 [info] > git for-each-ref --format=%(refname)%00%(upstream:short)%00%(objectname)%00%(upstream:track)%00%(upstream:remotename)%00%(upstream:remoteref) refs/heads/master refs/remotes/master [1ms]
2023-04-13 12:40:28.219 [info] > git status -z -uall [2ms]
2023-04-13 12:40:33.232 [info] No remotes found in the git config file.
2023-04-13 12:40:33.232 [info] > git config --get commit.template [4ms]
2023-04-13 12:40:33.232 [info] > git for-each-ref --format=%(refname)%00%(upstream:short)%00%(objectname)%00%(upstream:track)%00%(upstream:remotename)%00%(upstream:remoteref) refs/heads/master refs/remotes/master [1ms]
2023-04-13 12:40:33.237 [info] > git status -z -uall [2ms]
2023-04-13 12:40:38.249 [info] No remotes found in the git config file.
2023-04-13 12:40:38.250 [info] > git config --get commit.template [4ms]
2023-04-13 12:40:38.250 [info] > git for-each-ref --format=%(refname)%00%(upstream:short)%00%(objectname)%00%(upstream:track)%00%(upstream:remotename)%00%(upstream:remoteref) refs/heads/master refs/remotes/master [1ms]
2023-04-13 12:40:38.255 [info] > git status -z -uall [2ms]
2023-04-13 12:40:43.266 [info] No remotes found in the git config file.
2023-04-13 12:40:43.266 [info] > git config --get commit.template [2ms]
2023-04-13 12:40:43.267 [info] > git for-each-ref --format=%(refname)%00%(upstream:short)%00%(objectname)%00%(upstream:track)%00%(upstream:remotename)%00%(upstream:remoteref) refs/heads/master refs/remotes/master [1ms]
2023-04-13 12:40:43.271 [info] > git status -z -uall [2ms]
2023-04-13 12:40:48.284 [info] No remotes found in the git config file.
2023-04-13 12:40:48.284 [info] > git config --get commit.template [4ms]
2023-04-13 12:40:48.284 [info] > git for-each-ref --format=%(refname)%00%(upstream:short)%00%(objectname)%00%(upstream:track)%00%(upstream:remotename)%00%(upstream:remoteref) refs/heads/master refs/remotes/master [1ms]
2023-04-13 12:40:48.289 [info] > git status -z -uall [1ms]
2023-04-13 12:40:53.301 [info] No remotes found in the git config file.
2023-04-13 12:40:53.301 [info] > git config --get commit.template [4ms]
2023-04-13 12:40:53.301 [info] > git for-each-ref --format=%(refname)%00%(upstream:short)%00%(objectname)%00%(upstream:track)%00%(upstream:remotename)%00%(upstream:remoteref) refs/heads/master refs/remotes/master [0ms]
2023-04-13 12:40:53.306 [info] > git status -z -uall [1ms]
2023-04-13 12:40:58.319 [info] No remotes found in the git config file.
2023-04-13 12:40:58.319 [info] > git config --get commit.template [3ms]
2023-04-13 12:40:58.319 [info] > git for-each-ref --format=%(refname)%00%(upstream:short)%00%(objectname)%00%(upstream:track)%00%(upstream:remotename)%00%(upstream:remoteref) refs/heads/master refs/remotes/master [0ms]
2023-04-13 12:40:58.325 [info] > git status -z -uall [2ms]
2023-04-13 12:41:03.337 [info] No remotes found in the git config file.
2023-04-13 12:41:03.337 [info] > git config --get commit.template [3ms]
2023-04-13 12:41:03.337 [info] > git for-each-ref --format=%(refname)%00%(upstream:short)%00%(objectname)%00%(upstream:track)%00%(upstream:remotename)%00%(upstream:remoteref) refs/heads/master refs/remotes/master [0ms]
2023-04-13 12:41:03.343 [info] > git status -z -uall [2ms]
2023-04-13 12:41:08.355 [info] No remotes found in the git config file.
2023-04-13 12:41:08.355 [info] > git config --get commit.template [3ms]
2023-04-13 12:41:08.356 [info] > git for-each-ref --format=%(refname)%00%(upstream:short)%00%(objectname)%00%(upstream:track)%00%(upstream:remotename)%00%(upstream:remoteref) refs/heads/master refs/remotes/master [1ms]
2023-04-13 12:41:08.361 [info] > git status -z -uall [2ms]
2023-04-13 12:41:13.373 [info] No remotes found in the git config file.
2023-04-13 12:41:13.373 [info] > git config --get commit.template [3ms]
2023-04-13 12:41:13.374 [info] > git for-each-ref --format=%(refname)%00%(upstream:short)%00%(objectname)%00%(upstream:track)%00%(upstream:remotename)%00%(upstream:remoteref) refs/heads/master refs/remotes/master [1ms]
2023-04-13 12:41:13.379 [info] > git status -z -uall [2ms]
2023-04-13 12:41:18.392 [info] No remotes found in the git config file.
2023-04-13 12:41:18.392 [info] > git config --get commit.template [3ms]
2023-04-13 12:41:18.393 [info] > git for-each-ref --format=%(refname)%00%(upstream:short)%00%(objectname)%00%(upstream:track)%00%(upstream:remotename)%00%(upstream:remoteref) refs/heads/master refs/remotes/master [1ms]
2023-04-13 12:41:18.397 [info] > git status -z -uall [2ms]
2023-04-13 12:41:23.410 [info] No remotes found in the git config file.
2023-04-13 12:41:23.410 [info] > git config --get commit.template [3ms]
2023-04-13 12:41:23.411 [info] > git for-each-ref --format=%(refname)%00%(upstream:short)%00%(objectname)%00%(upstream:track)%00%(upstream:remotename)%00%(upstream:remoteref) refs/heads/master refs/remotes/master [1ms]
2023-04-13 12:41:23.416 [info] > git status -z -uall [2ms]
2023-04-13 12:41:28.428 [info] No remotes found in the git config file.
2023-04-13 12:41:28.429 [info] > git config --get commit.template [4ms]
2023-04-13 12:41:28.429 [info] > git for-each-ref --format=%(refname)%00%(upstream:short)%00%(objectname)%00%(upstream:track)%00%(upstream:remotename)%00%(upstream:remoteref) refs/heads/master refs/remotes/master [1ms]
2023-04-13 12:41:28.434 [info] > git status -z -uall [2ms]
2023-04-13 12:41:33.447 [info] No remotes found in the git config file.
2023-04-13 12:41:33.448 [info] > git config --get commit.template [4ms]
2023-04-13 12:41:33.451 [info] > git for-each-ref --format=%(refname)%00%(upstream:short)%00%(objectname)%00%(upstream:track)%00%(upstream:remotename)%00%(upstream:remoteref) refs/heads/master refs/remotes/master [4ms]
2023-04-13 12:41:33.456 [info] > git status -z -uall [2ms]
2023-04-13 12:41:38.469 [info] No remotes found in the git config file.
2023-04-13 12:41:38.470 [info] > git config --get commit.template [4ms]
2023-04-13 12:41:38.470 [info] > git for-each-ref --format=%(refname)%00%(upstream:short)%00%(objectname)%00%(upstream:track)%00%(upstream:remotename)%00%(upstream:remoteref) refs/heads/master refs/remotes/master [1ms]
2023-04-13 12:41:38.475 [info] > git status -z -uall [2ms]
2023-04-13 12:41:43.488 [info] No remotes found in the git config file.
2023-04-13 12:41:43.488 [info] > git config --get commit.template [3ms]
2023-04-13 12:41:43.491 [info] > git for-each-ref --format=%(refname)%00%(upstream:short)%00%(objectname)%00%(upstream:track)%00%(upstream:remotename)%00%(upstream:remoteref) refs/heads/master refs/remotes/master [3ms]
2023-04-13 12:41:43.496 [info] > git status -z -uall [2ms]
2023-04-13 12:41:48.509 [info] No remotes found in the git config file.
2023-04-13 12:41:48.510 [info] > git config --get commit.template [4ms]
2023-04-13 12:41:48.510 [info] > git for-each-ref --format=%(refname)%00%(upstream:short)%00%(objectname)%00%(upstream:track)%00%(upstream:remotename)%00%(upstream:remoteref) refs/heads/master refs/remotes/master [1ms]
2023-04-13 12:41:48.515 [info] > git status -z -uall [2ms]
2023-04-13 12:41:53.528 [info] No remotes found in the git config file.
2023-04-13 12:41:53.528 [info] > git config --get commit.template [3ms]
2023-04-13 12:41:53.529 [info] > git for-each-ref --format=%(refname)%00%(upstream:short)%00%(objectname)%00%(upstream:track)%00%(upstream:remotename)%00%(upstream:remoteref) refs/heads/master refs/remotes/master [1ms]
2023-04-13 12:41:53.534 [info] > git status -z -uall [2ms]
2023-04-13 12:41:58.546 [info] No remotes found in the git config file.
2023-04-13 12:41:58.546 [info] > git config --get commit.template [3ms]
2023-04-13 12:41:58.549 [info] > git for-each-ref --format=%(refname)%00%(upstream:short)%00%(objectname)%00%(upstream:track)%00%(upstream:remotename)%00%(upstream:remoteref) refs/heads/master refs/remotes/master [3ms]
2023-04-13 12:41:58.555 [info] > git status -z -uall [2ms]
2023-04-13 12:42:03.566 [info] No remotes found in the git config file.
2023-04-13 12:42:03.566 [info] > git config --get commit.template [3ms]
2023-04-13 12:42:03.569 [info] > git for-each-ref --format=%(refname)%00%(upstream:short)%00%(objectname)%00%(upstream:track)%00%(upstream:remotename)%00%(upstream:remoteref) refs/heads/master refs/remotes/master [3ms]
2023-04-13 12:42:03.575 [info] > git status -z -uall [2ms]
2023-04-13 12:43:04.506 [info] No remotes found in the git config file.
2023-04-13 12:43:04.507 [info] > git config --get commit.template [4ms]
2023-04-13 12:43:04.507 [info] > git for-each-ref --format=%(refname)%00%(upstream:short)%00%(objectname)%00%(upstream:track)%00%(upstream:remotename)%00%(upstream:remoteref) refs/heads/master refs/remotes/master [1ms]
2023-04-13 12:43:04.512 [info] > git status -z -uall [2ms]
2023-04-13 12:44:04.507 [info] No remotes found in the git config file.
2023-04-13 12:44:04.507 [info] > git config --get commit.template [3ms]
2023-04-13 12:44:04.507 [info] > git for-each-ref --format=%(refname)%00%(upstream:short)%00%(objectname)%00%(upstream:track)%00%(upstream:remotename)%00%(upstream:remoteref) refs/heads/master refs/remotes/master [1ms]
2023-04-13 12:44:04.512 [info] > git status -z -uall [2ms]
2023-04-13 12:45:04.506 [info] No remotes found in the git config file.
2023-04-13 12:45:04.506 [info] > git config --get commit.template [3ms]
2023-04-13 12:45:04.506 [info] > git for-each-ref --format=%(refname)%00%(upstream:short)%00%(objectname)%00%(upstream:track)%00%(upstream:remotename)%00%(upstream:remoteref) refs/heads/master refs/remotes/master [0ms]
2023-04-13 12:45:04.511 [info] > git status -z -uall [2ms]
2023-04-13 12:46:04.505 [info] No remotes found in the git config file.
2023-04-13 12:46:04.505 [info] > git config --get commit.template [3ms]
2023-04-13 12:46:04.506 [info] > git for-each-ref --format=%(refname)%00%(upstream:short)%00%(objectname)%00%(upstream:track)%00%(upstream:remotename)%00%(upstream:remoteref) refs/heads/master refs/remotes/master [1ms]
2023-04-13 12:46:04.511 [info] > git status -z -uall [2ms]
2023-04-13 12:47:04.506 [info] No remotes found in the git config file.
2023-04-13 12:47:04.506 [info] > git config --get commit.template [3ms]
2023-04-13 12:47:04.506 [info] > git for-each-ref --format=%(refname)%00%(upstream:short)%00%(objectname)%00%(upstream:track)%00%(upstream:remotename)%00%(upstream:remoteref) refs/heads/master refs/remotes/master [0ms]
2023-04-13 12:47:04.511 [info] > git status -z -uall [2ms]
2023-04-13 12:48:04.506 [info] No remotes found in the git config file.
2023-04-13 12:48:04.507 [info] > git config --get commit.template [5ms]
2023-04-13 12:48:04.507 [info] > git for-each-ref --format=%(refname)%00%(upstream:short)%00%(objectname)%00%(upstream:track)%00%(upstream:remotename)%00%(upstream:remoteref) refs/heads/master refs/remotes/master [1ms]
2023-04-13 12:48:04.512 [info] > git status -z -uall [1ms]
2023-04-13 12:49:04.523 [info] No remotes found in the git config file.
2023-04-13 12:49:04.523 [info] > git config --get commit.template [3ms]
2023-04-13 12:49:04.523 [info] > git for-each-ref --format=%(refname)%00%(upstream:short)%00%(objectname)%00%(upstream:track)%00%(upstream:remotename)%00%(upstream:remoteref) refs/heads/master refs/remotes/master [0ms]
2023-04-13 12:49:04.528 [info] > git status -z -uall [2ms]
2023-04-13 12:50:04.506 [info] No remotes found in the git config file.
2023-04-13 12:50:04.506 [info] > git config --get commit.template [4ms]
2023-04-13 12:50:04.506 [info] > git for-each-ref --format=%(refname)%00%(upstream:short)%00%(objectname)%00%(upstream:track)%00%(upstream:remotename)%00%(upstream:remoteref) refs/heads/master refs/remotes/master [0ms]
2023-04-13 12:50:04.512 [info] > git status -z -uall [2ms]
2023-04-13 12:51:04.505 [info] No remotes found in the git config file.
2023-04-13 12:51:04.505 [info] > git config --get commit.template [3ms]
2023-04-13 12:51:04.506 [info] > git for-each-ref --format=%(refname)%00%(upstream:short)%00%(objectname)%00%(upstream:track)%00%(upstream:remotename)%00%(upstream:remoteref) refs/heads/master refs/remotes/master [1ms]
2023-04-13 12:51:04.511 [info] > git status -z -uall [2ms]
2023-04-13 12:52:04.505 [info] No remotes found in the git config file.
2023-04-13 12:52:04.505 [info] > git config --get commit.template [3ms]
2023-04-13 12:52:04.505 [info] > git for-each-ref --format=%(refname)%00%(upstream:short)%00%(objectname)%00%(upstream:track)%00%(upstream:remotename)%00%(upstream:remoteref) refs/heads/master refs/remotes/master [0ms]
2023-04-13 12:52:04.511 [info] > git status -z -uall [3ms]
2023-04-13 12:53:04.503 [info] No remotes found in the git config file.
2023-04-13 12:53:04.503 [info] > git config --get commit.template [2ms]
2023-04-13 12:53:04.503 [info] > git for-each-ref --format=%(refname)%00%(upstream:short)%00%(objectname)%00%(upstream:track)%00%(upstream:remotename)%00%(upstream:remoteref) refs/heads/master refs/remotes/master [0ms]
2023-04-13 12:53:04.508 [info] > git status -z -uall [2ms]
2023-04-13 12:54:04.502 [info] No remotes found in the git config file.
2023-04-13 12:54:04.506 [info] > git config --get commit.template [3ms]
2023-04-13 12:54:04.506 [info] > git for-each-ref --format=%(refname)%00%(upstream:short)%00%(objectname)%00%(upstream:track)%00%(upstream:remotename)%00%(upstream:remoteref) refs/heads/master refs/remotes/master [1ms]
2023-04-13 12:54:04.511 [info] > git status -z -uall [2ms]
2023-04-13 12:55:04.504 [info] No remotes found in the git config file.
2023-04-13 12:55:04.504 [info] > git config --get commit.template [3ms]
2023-04-13 12:55:04.504 [info] > git for-each-ref --format=%(refname)%00%(upstream:short)%00%(objectname)%00%(upstream:track)%00%(upstream:remotename)%00%(upstream:remoteref) refs/heads/master refs/remotes/master [0ms]
2023-04-13 12:55:04.510 [info] > git status -z -uall [2ms]
2023-04-13 12:56:04.505 [info] No remotes found in the git config file.
2023-04-13 12:56:04.505 [info] > git config --get commit.template [3ms]
2023-04-13 12:56:04.505 [info] > git for-each-ref --format=%(refname)%00%(upstream:short)%00%(objectname)%00%(upstream:track)%00%(upstream:remotename)%00%(upstream:remoteref) refs/heads/master refs/remotes/master [0ms]
2023-04-13 12:56:04.511 [info] > git status -z -uall [2ms]
2023-04-13 12:57:04.505 [info] No remotes found in the git config file.
2023-04-13 12:57:04.505 [info] > git config --get commit.template [3ms]
2023-04-13 12:57:04.506 [info] > git for-each-ref --format=%(refname)%00%(upstream:short)%00%(objectname)%00%(upstream:track)%00%(upstream:remotename)%00%(upstream:remoteref) refs/heads/master refs/remotes/master [1ms]
2023-04-13 12:57:04.511 [info] > git status -z -uall [2ms]
2023-04-13 12:58:04.504 [info] No remotes found in the git config file.
2023-04-13 12:58:04.504 [info] > git config --get commit.template [3ms]
2023-04-13 12:58:04.504 [info] > git for-each-ref --format=%(refname)%00%(upstream:short)%00%(objectname)%00%(upstream:track)%00%(upstream:remotename)%00%(upstream:remoteref) refs/heads/master refs/remotes/master [0ms]
2023-04-13 12:58:04.509 [info] > git status -z -uall [2ms]
2023-04-13 12:59:04.506 [info] No remotes found in the git config file.
2023-04-13 12:59:04.506 [info] > git config --get commit.template [4ms]
2023-04-13 12:59:04.506 [info] > git for-each-ref --format=%(refname)%00%(upstream:short)%00%(objectname)%00%(upstream:track)%00%(upstream:remotename)%00%(upstream:remoteref) refs/heads/master refs/remotes/master [1ms]
2023-04-13 12:59:04.511 [info] > git status -z -uall [2ms]
2023-04-13 13:00:04.505 [info] No remotes found in the git config file.
2023-04-13 13:00:04.505 [info] > git config --get commit.template [3ms]
2023-04-13 13:00:04.505 [info] > git for-each-ref --format=%(refname)%00%(upstream:short)%00%(objectname)%00%(upstream:track)%00%(upstream:remotename)%00%(upstream:remoteref) refs/heads/master refs/remotes/master [1ms]
2023-04-13 13:00:04.510 [info] > git status -z -uall [2ms]
2023-04-13 13:01:04.504 [info] > git config --get commit.template [1ms]
2023-04-13 13:01:04.508 [info] No remotes found in the git config file.
2023-04-13 13:01:04.509 [info] > git for-each-ref --format=%(refname)%00%(upstream:short)%00%(objectname)%00%(upstream:track)%00%(upstream:remotename)%00%(upstream:remoteref) refs/heads/master refs/remotes/master [1ms]
2023-04-13 13:01:04.516 [info] > git status -z -uall [2ms]
2023-04-13 13:02:04.506 [info] No remotes found in the git config file.
2023-04-13 13:02:04.506 [info] > git config --get commit.template [4ms]
2023-04-13 13:02:04.506 [info] > git for-each-ref --format=%(refname)%00%(upstream:short)%00%(objectname)%00%(upstream:track)%00%(upstream:remotename)%00%(upstream:remoteref) refs/heads/master refs/remotes/master [0ms]
2023-04-13 13:02:04.511 [info] > git status -z -uall [1ms]
2023-04-13 13:03:04.505 [info] No remotes found in the git config file.
2023-04-13 13:03:04.505 [info] > git config --get commit.template [3ms]
2023-04-13 13:03:04.506 [info] > git for-each-ref --format=%(refname)%00%(upstream:short)%00%(objectname)%00%(upstream:track)%00%(upstream:remotename)%00%(upstream:remoteref) refs/heads/master refs/remotes/master [1ms]
2023-04-13 13:03:04.511 [info] > git status -z -uall [2ms]
2023-04-13 13:04:04.506 [info] No remotes found in the git config file.
2023-04-13 13:04:04.506 [info] > git config --get commit.template [3ms]
2023-04-13 13:04:04.507 [info] > git for-each-ref --format=%(refname)%00%(upstream:short)%00%(objectname)%00%(upstream:track)%00%(upstream:remotename)%00%(upstream:remoteref) refs/heads/master refs/remotes/master [1ms]
2023-04-13 13:04:04.512 [info] > git status -z -uall [2ms]
2023-04-13 13:05:04.505 [info] No remotes found in the git config file.
2023-04-13 13:05:04.506 [info] > git config --get commit.template [4ms]
2023-04-13 13:05:04.506 [info] > git for-each-ref --format=%(refname)%00%(upstream:short)%00%(objectname)%00%(upstream:track)%00%(upstream:remotename)%00%(upstream:remoteref) refs/heads/master refs/remotes/master [1ms]
2023-04-13 13:05:04.511 [info] > git status -z -uall [2ms]
2023-04-13 13:06:04.505 [info] No remotes found in the git config file.
2023-04-13 13:06:04.505 [info] > git config --get commit.template [3ms]
2023-04-13 13:06:04.506 [info] > git for-each-ref --format=%(refname)%00%(upstream:short)%00%(objectname)%00%(upstream:track)%00%(upstream:remotename)%00%(upstream:remoteref) refs/heads/master refs/remotes/master [1ms]
2023-04-13 13:06:04.511 [info] > git status -z -uall [2ms]
2023-04-13 13:07:04.505 [info] No remotes found in the git config file.
2023-04-13 13:07:04.505 [info] > git config --get commit.template [3ms]
2023-04-13 13:07:04.506 [info] > git for-each-ref --format=%(refname)%00%(upstream:short)%00%(objectname)%00%(upstream:track)%00%(upstream:remotename)%00%(upstream:remoteref) refs/heads/master refs/remotes/master [1ms]
2023-04-13 13:07:04.511 [info] > git status -z -uall [2ms]
2023-04-13 13:08:04.506 [info] No remotes found in the git config file.
2023-04-13 13:08:04.506 [info] > git config --get commit.template [4ms]
2023-04-13 13:08:04.506 [info] > git for-each-ref --format=%(refname)%00%(upstream:short)%00%(objectname)%00%(upstream:track)%00%(upstream:remotename)%00%(upstream:remoteref) refs/heads/master refs/remotes/master [1ms]
2023-04-13 13:08:04.511 [info] > git status -z -uall [1ms]
2023-04-13 13:09:04.504 [warning] ENOENT: no such file or directory, open '/home/jmiller/.config/.git/HEAD'
2023-04-13 13:09:04.509 [warning] getRemotes() - ENOENT: no such file or directory, open '/home/jmiller/.config/.git/config'
2023-04-13 13:09:04.514 [info] > git remote --verbose [5ms]
2023-04-13 13:09:04.514 [info] fatal: not a git repository (or any parent up to mount point /)
Stopping at filesystem boundary (GIT_DISCOVERY_ACROSS_FILESYSTEM not set).
2023-04-13 13:09:04.515 [info] > git symbolic-ref --short HEAD [11ms]
2023-04-13 13:09:04.515 [info] fatal: not a git repository (or any parent up to mount point /)
Stopping at filesystem boundary (GIT_DISCOVERY_ACROSS_FILESYSTEM not set).
2023-04-13 13:09:04.522 [warning] ENOENT: no such file or directory, open '/home/jmiller/.config/.git/HEAD'
2023-04-13 13:09:04.525 [warning] getRemotes() - ENOENT: no such file or directory, open '/home/jmiller/.config/.git/config'
2023-04-13 13:09:04.529 [info] > git config --get commit.template [16ms]
2023-04-13 13:09:04.529 [info] > git remote --verbose [4ms]
2023-04-13 13:09:04.529 [info] fatal: not a git repository (or any parent up to mount point /)
Stopping at filesystem boundary (GIT_DISCOVERY_ACROSS_FILESYSTEM not set).
2023-04-13 13:09:04.529 [info] > git symbolic-ref --short HEAD [8ms]
2023-04-13 13:09:04.529 [info] fatal: not a git repository (or any parent up to mount point /)
Stopping at filesystem boundary (GIT_DISCOVERY_ACROSS_FILESYSTEM not set).
2023-04-13 13:09:04.533 [info] > git rev-parse HEAD [14ms]
2023-04-13 13:09:04.533 [info] fatal: not a git repository (or any parent up to mount point /)
Stopping at filesystem boundary (GIT_DISCOVERY_ACROSS_FILESYSTEM not set).
2023-04-13 13:09:04.533 [info] > git config --get commit.template [5ms]
2023-04-13 13:09:04.533 [info] > git rev-parse HEAD [0ms]
2023-04-13 13:09:04.533 [info] fatal: not a git repository (or any parent up to mount point /)
Stopping at filesystem boundary (GIT_DISCOVERY_ACROSS_FILESYSTEM not set).
2023-04-13 13:10:04.012 [info] > git check-ignore -v -z --stdin [12ms]
2023-04-13 13:10:04.012 [info] > git check-ignore -v -z --stdin [8ms]
2023-04-13 13:10:04.012 [info] > git check-ignore -v -z --stdin [5ms]
2023-04-13 13:10:04.012 [info] > git check-ignore -v -z --stdin [1ms]
