2023-04-13 12:37:28.773 [info] Extension host with pid 10683 started
2023-04-13 12:37:28.773 [info] Skipping acquiring lock for /home/jmiller/.config/Code - OSS/User/workspaceStorage/486cb29e3d2b202b57f9082d5851843d.
2023-04-13 12:37:28.810 [info] ExtensionService#_doActivateExtension vscode.emmet, startup: false, activationEvent: 'onLanguage'
2023-04-13 12:37:29.085 [info] ExtensionService#_doActivateExtension vscode.git-base, startup: true, activationEvent: '*', root cause: vscode.git
2023-04-13 12:37:29.092 [info] ExtensionService#_doActivateExtension vscode.git, startup: true, activationEvent: '*'
2023-04-13 12:37:29.092 [info] ExtensionService#_doActivateExtension vscode.github, startup: true, activationEvent: '*'
2023-04-13 12:37:29.130 [info] Eager extensions activated
2023-04-13 12:37:29.154 [info] ExtensionService#_doActivateExtension vscode.debug-auto-launch, startup: false, activationEvent: 'onStartupFinished'
2023-04-13 12:37:29.154 [info] ExtensionService#_doActivateExtension vscode.merge-conflict, startup: false, activationEvent: 'onStartupFinished'
2023-04-13 12:37:29.205 [warning] [Decorations] CAPPING events from decorations provider vscode.git 312
2023-04-13 12:37:29.335 [warning] [Decorations] CAPPING events from decorations provider vscode.git 314
2023-04-13 12:37:31.485 [warning] [Decorations] CAPPING events from decorations provider vscode.git 314
2023-04-13 12:37:36.505 [warning] [Decorations] CAPPING events from decorations provider vscode.git 314
2023-04-13 12:37:41.525 [warning] [Decorations] CAPPING events from decorations provider vscode.git 314
2023-04-13 12:39:02.978 [warning] [Decorations] CAPPING events from decorations provider vscode.git 314
2023-04-13 12:39:07.997 [warning] [Decorations] CAPPING events from decorations provider vscode.git 314
2023-04-13 12:39:13.015 [warning] [Decorations] CAPPING events from decorations provider vscode.git 314
2023-04-13 12:39:18.035 [warning] [Decorations] CAPPING events from decorations provider vscode.git 314
2023-04-13 12:39:23.054 [warning] [Decorations] CAPPING events from decorations provider vscode.git 314
2023-04-13 12:39:28.073 [warning] [Decorations] CAPPING events from decorations provider vscode.git 314
2023-04-13 12:39:33.094 [warning] [Decorations] CAPPING events from decorations provider vscode.git 314
2023-04-13 12:39:38.113 [warning] [Decorations] CAPPING events from decorations provider vscode.git 314
2023-04-13 12:39:43.134 [warning] [Decorations] CAPPING events from decorations provider vscode.git 314
2023-04-13 12:42:39.116 [warning] [Decorations] CAPPING events from decorations provider vscode.git 314
2023-04-13 12:42:44.135 [warning] [Decorations] CAPPING events from decorations provider vscode.git 314
2023-04-13 12:42:54.596 [warning] [Decorations] CAPPING events from decorations provider vscode.git 314
2023-04-13 12:42:59.616 [warning] [Decorations] CAPPING events from decorations provider vscode.git 314
2023-04-13 12:43:04.634 [warning] [Decorations] CAPPING events from decorations provider vscode.git 314
2023-04-13 12:43:09.653 [warning] [Decorations] CAPPING events from decorations provider vscode.git 314
2023-04-13 12:43:14.672 [warning] [Decorations] CAPPING events from decorations provider vscode.git 314
2023-04-13 12:43:19.692 [warning] [Decorations] CAPPING events from decorations provider vscode.git 314
2023-04-13 12:43:24.715 [warning] [Decorations] CAPPING events from decorations provider vscode.git 314
2023-04-13 12:43:29.733 [warning] [Decorations] CAPPING events from decorations provider vscode.git 314
2023-04-13 12:43:34.756 [warning] [Decorations] CAPPING events from decorations provider vscode.git 314
2023-04-13 12:43:41.401 [warning] [Decorations] CAPPING events from decorations provider vscode.git 314
2023-04-13 12:45:58.416 [warning] [Decorations] CAPPING events from decorations provider vscode.git 314
2023-04-13 12:46:03.434 [warning] [Decorations] CAPPING events from decorations provider vscode.git 314
2023-04-13 12:46:08.451 [warning] [Decorations] CAPPING events from decorations provider vscode.git 314
2023-04-13 12:46:14.366 [warning] [Decorations] CAPPING events from decorations provider vscode.git 314
2023-04-13 12:46:19.386 [warning] [Decorations] CAPPING events from decorations provider vscode.git 314
2023-04-13 12:46:27.387 [warning] [Decorations] CAPPING events from decorations provider vscode.git 314
2023-04-13 12:46:45.105 [warning] [Decorations] CAPPING events from decorations provider vscode.git 314
2023-04-13 12:46:50.260 [warning] [Decorations] CAPPING events from decorations provider vscode.git 314
2023-04-13 12:47:58.733 [warning] [Decorations] CAPPING events from decorations provider vscode.git 314
2023-04-13 12:59:57.397 [warning] [Decorations] CAPPING events from decorations provider vscode.git 325
2023-04-13 13:03:33.323 [warning] [Decorations] CAPPING events from decorations provider vscode.git 325
2023-04-13 13:10:23.302 [error] {"message":"Failed to execute git","stdout":"","stderr":"fatal: not a git repository (or any parent up to mount point /)\nStopping at filesystem boundary (GIT_DISCOVERY_ACROSS_FILESYSTEM not set).\n","exitCode":128,"gitErrorCode":"NotAGitRepository","gitCommand":"remote","gitArgs":["remote","--verbose"]}
2023-04-13 13:10:23.302 [error] {"message":"Failed to execute git","stdout":"","stderr":"fatal: not a git repository (or any parent up to mount point /)\nStopping at filesystem boundary (GIT_DISCOVERY_ACROSS_FILESYSTEM not set).\n","exitCode":128,"gitErrorCode":"NotAGitRepository","gitCommand":"remote","gitArgs":["remote","--verbose"]}
2023-04-13 13:10:29.555 [info] Extension host terminating: received terminate message from renderer
2023-04-13 13:10:29.566 [error] Canceled: Canceled
	at new l (/usr/lib/code/out/vs/workbench/api/node/extensionHostProcess.js:98:105190)
	at c.O (/usr/lib/code/out/vs/workbench/api/node/extensionHostProcess.js:108:11692)
	at G.<computed>.Q.charCodeAt.G.<computed> (/usr/lib/code/out/vs/workbench/api/node/extensionHostProcess.js:108:8967)
	at m.g (/usr/lib/code/out/vs/workbench/api/node/extensionHostProcess.js:98:125211)
	at m.executeCommand (/usr/lib/code/out/vs/workbench/api/node/extensionHostProcess.js:98:124587)
	at L.registerCommand.description (/usr/lib/code/out/vs/workbench/api/node/extensionHostProcess.js:98:123880)
	at m.h (/usr/lib/code/out/vs/workbench/api/node/extensionHostProcess.js:98:125797)
	at m.g (/usr/lib/code/out/vs/workbench/api/node/extensionHostProcess.js:98:124687)
	at m.executeCommand (/usr/lib/code/out/vs/workbench/api/node/extensionHostProcess.js:98:124587)
	at Object.executeCommand (/usr/lib/code/out/vs/workbench/api/node/extensionHostProcess.js:114:23801)
	at D (/usr/lib/code/extensions/git/dist/main.js:2:1467156)
	at E.invoke (/usr/lib/code/out/vs/workbench/api/node/extensionHostProcess.js:63:145)
	at h.deliver (/usr/lib/code/out/vs/workbench/api/node/extensionHostProcess.js:63:2121)
	at n.fire (/usr/lib/code/out/vs/workbench/api/node/extensionHostProcess.js:63:1729)
	at Object.m [as dispose] (/usr/lib/code/extensions/git/dist/main.js:2:1481885)
	at /usr/lib/code/extensions/git/dist/main.js:2:1485952
	at Array.forEach (<anonymous>)
	at g.dispose (/usr/lib/code/extensions/git/dist/main.js:2:1485938)
	at t.<anonymous> (/usr/lib/code/out/vs/workbench/api/node/extensionHostProcess.js:96:12398)
	at t.dispose (/usr/lib/code/out/vs/workbench/api/node/extensionHostProcess.js:96:12533)
	at t.<anonymous> (/usr/lib/code/extensions/git/dist/main.js:2:1469286)
	at t.dispose (/usr/lib/code/out/vs/workbench/api/node/extensionHostProcess.js:96:12533)
	at C (/usr/lib/code/out/vs/workbench/api/node/extensionHostProcess.js:10:12084)
	at E.Y (/usr/lib/code/out/vs/workbench/api/node/extensionHostProcess.js:110:11147)
	at /usr/lib/code/out/vs/workbench/api/node/extensionHostProcess.js:110:9131
	at Array.map (<anonymous>)
	at E.R (/usr/lib/code/out/vs/workbench/api/node/extensionHostProcess.js:110:9118)
	at E.terminate (/usr/lib/code/out/vs/workbench/api/node/extensionHostProcess.js:110:9389)
	at d.terminate (/usr/lib/code/out/vs/workbench/api/node/extensionHostProcess.js:114:1544)
	at p (/usr/lib/code/out/vs/workbench/api/node/extensionHostProcess.js:124:18690)
	at /usr/lib/code/out/vs/workbench/api/node/extensionHostProcess.js:124:16600
	at E.invoke (/usr/lib/code/out/vs/workbench/api/node/extensionHostProcess.js:63:145)
	at h.deliver (/usr/lib/code/out/vs/workbench/api/node/extensionHostProcess.js:63:2121)
	at n.fire (/usr/lib/code/out/vs/workbench/api/node/extensionHostProcess.js:63:1729)
	at p.fire (/usr/lib/code/out/vs/workbench/api/node/extensionHostProcess.js:72:14916)
	at s.E (/usr/lib/code/out/vs/workbench/api/node/extensionHostProcess.js:72:18982)
	at /usr/lib/code/out/vs/workbench/api/node/extensionHostProcess.js:72:16970
	at E.invoke (/usr/lib/code/out/vs/workbench/api/node/extensionHostProcess.js:63:145)
	at h.deliver (/usr/lib/code/out/vs/workbench/api/node/extensionHostProcess.js:63:2121)
	at n.fire (/usr/lib/code/out/vs/workbench/api/node/extensionHostProcess.js:63:1729)
	at d.acceptChunk (/usr/lib/code/out/vs/workbench/api/node/extensionHostProcess.js:72:12647)
	at /usr/lib/code/out/vs/workbench/api/node/extensionHostProcess.js:72:11934
	at Socket.s (/usr/lib/code/out/vs/workbench/api/node/extensionHostProcess.js:72:22469)
	at Socket.emit (node:events:526:28)
	at addChunk (node:internal/streams/readable:315:12)
	at readableAddChunk (node:internal/streams/readable:289:9)
	at Readable.push (node:internal/streams/readable:228:10)
	at Pipe.onStreamRead (node:internal/stream_base_commons:190:23) setContext undefined
2023-04-13 13:10:29.566 [error] Canceled: Canceled
	at new l (/usr/lib/code/out/vs/workbench/api/node/extensionHostProcess.js:98:105190)
	at c.O (/usr/lib/code/out/vs/workbench/api/node/extensionHostProcess.js:108:11692)
	at G.<computed>.Q.charCodeAt.G.<computed> (/usr/lib/code/out/vs/workbench/api/node/extensionHostProcess.js:108:8967)
	at m.g (/usr/lib/code/out/vs/workbench/api/node/extensionHostProcess.js:98:125211)
	at m.executeCommand (/usr/lib/code/out/vs/workbench/api/node/extensionHostProcess.js:98:124587)
	at L.registerCommand.description (/usr/lib/code/out/vs/workbench/api/node/extensionHostProcess.js:98:123880)
	at m.h (/usr/lib/code/out/vs/workbench/api/node/extensionHostProcess.js:98:125797)
	at m.g (/usr/lib/code/out/vs/workbench/api/node/extensionHostProcess.js:98:124687)
	at m.executeCommand (/usr/lib/code/out/vs/workbench/api/node/extensionHostProcess.js:98:124587)
	at Object.executeCommand (/usr/lib/code/out/vs/workbench/api/node/extensionHostProcess.js:114:23801)
	at D (/usr/lib/code/extensions/git/dist/main.js:2:1467156)
	at E.invoke (/usr/lib/code/out/vs/workbench/api/node/extensionHostProcess.js:63:145)
	at h.deliver (/usr/lib/code/out/vs/workbench/api/node/extensionHostProcess.js:63:2121)
	at n.fire (/usr/lib/code/out/vs/workbench/api/node/extensionHostProcess.js:63:1729)
	at Object.m [as dispose] (/usr/lib/code/extensions/git/dist/main.js:2:1481885)
	at /usr/lib/code/extensions/git/dist/main.js:2:1485952
	at Array.forEach (<anonymous>)
	at g.dispose (/usr/lib/code/extensions/git/dist/main.js:2:1485938)
	at t.<anonymous> (/usr/lib/code/out/vs/workbench/api/node/extensionHostProcess.js:96:12398)
	at t.dispose (/usr/lib/code/out/vs/workbench/api/node/extensionHostProcess.js:96:12533)
	at t.<anonymous> (/usr/lib/code/extensions/git/dist/main.js:2:1469286)
	at t.dispose (/usr/lib/code/out/vs/workbench/api/node/extensionHostProcess.js:96:12533)
	at C (/usr/lib/code/out/vs/workbench/api/node/extensionHostProcess.js:10:12084)
	at E.Y (/usr/lib/code/out/vs/workbench/api/node/extensionHostProcess.js:110:11147)
	at /usr/lib/code/out/vs/workbench/api/node/extensionHostProcess.js:110:9131
	at Array.map (<anonymous>)
	at E.R (/usr/lib/code/out/vs/workbench/api/node/extensionHostProcess.js:110:9118)
	at E.terminate (/usr/lib/code/out/vs/workbench/api/node/extensionHostProcess.js:110:9389)
	at d.terminate (/usr/lib/code/out/vs/workbench/api/node/extensionHostProcess.js:114:1544)
	at p (/usr/lib/code/out/vs/workbench/api/node/extensionHostProcess.js:124:18690)
	at /usr/lib/code/out/vs/workbench/api/node/extensionHostProcess.js:124:16600
	at E.invoke (/usr/lib/code/out/vs/workbench/api/node/extensionHostProcess.js:63:145)
	at h.deliver (/usr/lib/code/out/vs/workbench/api/node/extensionHostProcess.js:63:2121)
	at n.fire (/usr/lib/code/out/vs/workbench/api/node/extensionHostProcess.js:63:1729)
	at p.fire (/usr/lib/code/out/vs/workbench/api/node/extensionHostProcess.js:72:14916)
	at s.E (/usr/lib/code/out/vs/workbench/api/node/extensionHostProcess.js:72:18982)
	at /usr/lib/code/out/vs/workbench/api/node/extensionHostProcess.js:72:16970
	at E.invoke (/usr/lib/code/out/vs/workbench/api/node/extensionHostProcess.js:63:145)
	at h.deliver (/usr/lib/code/out/vs/workbench/api/node/extensionHostProcess.js:63:2121)
	at n.fire (/usr/lib/code/out/vs/workbench/api/node/extensionHostProcess.js:63:1729)
	at d.acceptChunk (/usr/lib/code/out/vs/workbench/api/node/extensionHostProcess.js:72:12647)
	at /usr/lib/code/out/vs/workbench/api/node/extensionHostProcess.js:72:11934
	at Socket.s (/usr/lib/code/out/vs/workbench/api/node/extensionHostProcess.js:72:22469)
	at Socket.emit (node:events:526:28)
	at addChunk (node:internal/streams/readable:315:12)
	at readableAddChunk (node:internal/streams/readable:289:9)
	at Readable.push (node:internal/streams/readable:228:10)
	at Pipe.onStreamRead (node:internal/stream_base_commons:190:23) setContext undefined
2023-04-13 13:10:29.566 [error] Canceled: Canceled
	at new l (/usr/lib/code/out/vs/workbench/api/node/extensionHostProcess.js:98:105190)
	at c.O (/usr/lib/code/out/vs/workbench/api/node/extensionHostProcess.js:108:11692)
	at G.<computed>.Q.charCodeAt.G.<computed> (/usr/lib/code/out/vs/workbench/api/node/extensionHostProcess.js:108:8967)
	at m.g (/usr/lib/code/out/vs/workbench/api/node/extensionHostProcess.js:98:125211)
	at m.executeCommand (/usr/lib/code/out/vs/workbench/api/node/extensionHostProcess.js:98:124587)
	at L.registerCommand.description (/usr/lib/code/out/vs/workbench/api/node/extensionHostProcess.js:98:123880)
	at m.h (/usr/lib/code/out/vs/workbench/api/node/extensionHostProcess.js:98:125797)
	at m.g (/usr/lib/code/out/vs/workbench/api/node/extensionHostProcess.js:98:124687)
	at m.executeCommand (/usr/lib/code/out/vs/workbench/api/node/extensionHostProcess.js:98:124587)
	at Object.executeCommand (/usr/lib/code/out/vs/workbench/api/node/extensionHostProcess.js:114:23801)
	at D (/usr/lib/code/extensions/git/dist/main.js:2:1467156)
	at E.invoke (/usr/lib/code/out/vs/workbench/api/node/extensionHostProcess.js:63:145)
	at h.deliver (/usr/lib/code/out/vs/workbench/api/node/extensionHostProcess.js:63:2121)
	at n.fire (/usr/lib/code/out/vs/workbench/api/node/extensionHostProcess.js:63:1729)
	at Object.m [as dispose] (/usr/lib/code/extensions/git/dist/main.js:2:1481885)
	at /usr/lib/code/extensions/git/dist/main.js:2:1485952
	at Array.forEach (<anonymous>)
	at g.dispose (/usr/lib/code/extensions/git/dist/main.js:2:1485938)
	at t.<anonymous> (/usr/lib/code/out/vs/workbench/api/node/extensionHostProcess.js:96:12398)
	at t.dispose (/usr/lib/code/out/vs/workbench/api/node/extensionHostProcess.js:96:12533)
	at t.<anonymous> (/usr/lib/code/extensions/git/dist/main.js:2:1469286)
	at t.dispose (/usr/lib/code/out/vs/workbench/api/node/extensionHostProcess.js:96:12533)
	at C (/usr/lib/code/out/vs/workbench/api/node/extensionHostProcess.js:10:12084)
	at E.Y (/usr/lib/code/out/vs/workbench/api/node/extensionHostProcess.js:110:11147)
	at /usr/lib/code/out/vs/workbench/api/node/extensionHostProcess.js:110:9131
	at Array.map (<anonymous>)
	at E.R (/usr/lib/code/out/vs/workbench/api/node/extensionHostProcess.js:110:9118)
	at E.terminate (/usr/lib/code/out/vs/workbench/api/node/extensionHostProcess.js:110:9389)
	at d.terminate (/usr/lib/code/out/vs/workbench/api/node/extensionHostProcess.js:114:1544)
	at p (/usr/lib/code/out/vs/workbench/api/node/extensionHostProcess.js:124:18690)
	at /usr/lib/code/out/vs/workbench/api/node/extensionHostProcess.js:124:16600
	at E.invoke (/usr/lib/code/out/vs/workbench/api/node/extensionHostProcess.js:63:145)
	at h.deliver (/usr/lib/code/out/vs/workbench/api/node/extensionHostProcess.js:63:2121)
	at n.fire (/usr/lib/code/out/vs/workbench/api/node/extensionHostProcess.js:63:1729)
	at p.fire (/usr/lib/code/out/vs/workbench/api/node/extensionHostProcess.js:72:14916)
	at s.E (/usr/lib/code/out/vs/workbench/api/node/extensionHostProcess.js:72:18982)
	at /usr/lib/code/out/vs/workbench/api/node/extensionHostProcess.js:72:16970
	at E.invoke (/usr/lib/code/out/vs/workbench/api/node/extensionHostProcess.js:63:145)
	at h.deliver (/usr/lib/code/out/vs/workbench/api/node/extensionHostProcess.js:63:2121)
	at n.fire (/usr/lib/code/out/vs/workbench/api/node/extensionHostProcess.js:63:1729)
	at d.acceptChunk (/usr/lib/code/out/vs/workbench/api/node/extensionHostProcess.js:72:12647)
	at /usr/lib/code/out/vs/workbench/api/node/extensionHostProcess.js:72:11934
	at Socket.s (/usr/lib/code/out/vs/workbench/api/node/extensionHostProcess.js:72:22469)
	at Socket.emit (node:events:526:28)
	at addChunk (node:internal/streams/readable:315:12)
	at readableAddChunk (node:internal/streams/readable:289:9)
	at Readable.push (node:internal/streams/readable:228:10)
	at Pipe.onStreamRead (node:internal/stream_base_commons:190:23) setContext undefined
2023-04-13 13:10:29.566 [error] Canceled: Canceled
	at new l (/usr/lib/code/out/vs/workbench/api/node/extensionHostProcess.js:98:105190)
	at c.O (/usr/lib/code/out/vs/workbench/api/node/extensionHostProcess.js:108:11692)
	at G.<computed>.Q.charCodeAt.G.<computed> (/usr/lib/code/out/vs/workbench/api/node/extensionHostProcess.js:108:8967)
	at m.g (/usr/lib/code/out/vs/workbench/api/node/extensionHostProcess.js:98:125211)
	at m.executeCommand (/usr/lib/code/out/vs/workbench/api/node/extensionHostProcess.js:98:124587)
	at L.registerCommand.description (/usr/lib/code/out/vs/workbench/api/node/extensionHostProcess.js:98:123880)
	at m.h (/usr/lib/code/out/vs/workbench/api/node/extensionHostProcess.js:98:125797)
	at m.g (/usr/lib/code/out/vs/workbench/api/node/extensionHostProcess.js:98:124687)
	at m.executeCommand (/usr/lib/code/out/vs/workbench/api/node/extensionHostProcess.js:98:124587)
	at Object.executeCommand (/usr/lib/code/out/vs/workbench/api/node/extensionHostProcess.js:114:23801)
	at D (/usr/lib/code/extensions/git/dist/main.js:2:1467156)
	at E.invoke (/usr/lib/code/out/vs/workbench/api/node/extensionHostProcess.js:63:145)
	at h.deliver (/usr/lib/code/out/vs/workbench/api/node/extensionHostProcess.js:63:2121)
	at n.fire (/usr/lib/code/out/vs/workbench/api/node/extensionHostProcess.js:63:1729)
	at Object.m [as dispose] (/usr/lib/code/extensions/git/dist/main.js:2:1481885)
	at /usr/lib/code/extensions/git/dist/main.js:2:1485952
	at Array.forEach (<anonymous>)
	at g.dispose (/usr/lib/code/extensions/git/dist/main.js:2:1485938)
	at t.<anonymous> (/usr/lib/code/out/vs/workbench/api/node/extensionHostProcess.js:96:12398)
	at t.dispose (/usr/lib/code/out/vs/workbench/api/node/extensionHostProcess.js:96:12533)
	at t.<anonymous> (/usr/lib/code/extensions/git/dist/main.js:2:1469286)
	at t.dispose (/usr/lib/code/out/vs/workbench/api/node/extensionHostProcess.js:96:12533)
	at C (/usr/lib/code/out/vs/workbench/api/node/extensionHostProcess.js:10:12084)
	at E.Y (/usr/lib/code/out/vs/workbench/api/node/extensionHostProcess.js:110:11147)
	at /usr/lib/code/out/vs/workbench/api/node/extensionHostProcess.js:110:9131
	at Array.map (<anonymous>)
	at E.R (/usr/lib/code/out/vs/workbench/api/node/extensionHostProcess.js:110:9118)
	at E.terminate (/usr/lib/code/out/vs/workbench/api/node/extensionHostProcess.js:110:9389)
	at d.terminate (/usr/lib/code/out/vs/workbench/api/node/extensionHostProcess.js:114:1544)
	at p (/usr/lib/code/out/vs/workbench/api/node/extensionHostProcess.js:124:18690)
	at /usr/lib/code/out/vs/workbench/api/node/extensionHostProcess.js:124:16600
	at E.invoke (/usr/lib/code/out/vs/workbench/api/node/extensionHostProcess.js:63:145)
	at h.deliver (/usr/lib/code/out/vs/workbench/api/node/extensionHostProcess.js:63:2121)
	at n.fire (/usr/lib/code/out/vs/workbench/api/node/extensionHostProcess.js:63:1729)
	at p.fire (/usr/lib/code/out/vs/workbench/api/node/extensionHostProcess.js:72:14916)
	at s.E (/usr/lib/code/out/vs/workbench/api/node/extensionHostProcess.js:72:18982)
	at /usr/lib/code/out/vs/workbench/api/node/extensionHostProcess.js:72:16970
	at E.invoke (/usr/lib/code/out/vs/workbench/api/node/extensionHostProcess.js:63:145)
	at h.deliver (/usr/lib/code/out/vs/workbench/api/node/extensionHostProcess.js:63:2121)
	at n.fire (/usr/lib/code/out/vs/workbench/api/node/extensionHostProcess.js:63:1729)
	at d.acceptChunk (/usr/lib/code/out/vs/workbench/api/node/extensionHostProcess.js:72:12647)
	at /usr/lib/code/out/vs/workbench/api/node/extensionHostProcess.js:72:11934
	at Socket.s (/usr/lib/code/out/vs/workbench/api/node/extensionHostProcess.js:72:22469)
	at Socket.emit (node:events:526:28)
	at addChunk (node:internal/streams/readable:315:12)
	at readableAddChunk (node:internal/streams/readable:289:9)
	at Readable.push (node:internal/streams/readable:228:10)
	at Pipe.onStreamRead (node:internal/stream_base_commons:190:23) setContext undefined
2023-04-13 13:10:29.566 [info] Extension host with pid 10683 exiting with code 0
2023-04-13 13:10:30.600 [info] Extension host with pid 14712 started
2023-04-13 13:10:30.671 [info] ExtensionService#_doActivateExtension vscode.git-base, startup: true, activationEvent: '*', root cause: vscode.git
2023-04-13 13:10:30.677 [info] ExtensionService#_doActivateExtension vscode.git, startup: true, activationEvent: '*'
2023-04-13 13:10:30.677 [info] ExtensionService#_doActivateExtension vscode.github, startup: true, activationEvent: '*'
2023-04-13 13:10:30.703 [info] Eager extensions activated
2023-04-13 13:10:30.734 [info] ExtensionService#_doActivateExtension vscode.debug-auto-launch, startup: false, activationEvent: 'onStartupFinished'
2023-04-13 13:10:30.734 [info] ExtensionService#_doActivateExtension vscode.merge-conflict, startup: false, activationEvent: 'onStartupFinished'
2023-04-13 13:10:33.761 [info] Extension host terminating: received terminate message from renderer
2023-04-13 13:10:33.764 [info] Extension host with pid 14712 exiting with code 0
