2023-04-13 13:11:01.916 [info] Extension host with pid 14884 started
2023-04-13 13:11:01.916 [info] Skipping acquiring lock for /home/jmiller/.config/Code - OSS/User/workspaceStorage/56e32e4db861a89800ac3693cdd96aef.
2023-04-13 13:11:01.977 [info] ExtensionService#_doActivateExtension vscode.git-base, startup: true, activationEvent: '*', root cause: vscode.git
2023-04-13 13:11:01.981 [info] ExtensionService#_doActivateExtension vscode.git, startup: true, activationEvent: '*'
2023-04-13 13:11:01.981 [info] ExtensionService#_doActivateExtension vscode.github, startup: true, activationEvent: '*'
2023-04-13 13:11:02.013 [info] Eager extensions activated
2023-04-13 13:11:02.022 [info] ExtensionService#_doActivateExtension vscode.debug-auto-launch, startup: false, activationEvent: 'onStartupFinished'
2023-04-13 13:11:02.022 [info] ExtensionService#_doActivateExtension vscode.merge-conflict, startup: false, activationEvent: 'onStartupFinished'
2023-04-13 13:12:00.257 [warning] [Decorations] CAPPING events from decorations provider vscode.git 348
2023-04-13 13:12:30.072 [warning] [Decorations] CAPPING events from decorations provider vscode.git 348
2023-04-13 13:12:35.680 [warning] [Decorations] CAPPING events from decorations provider vscode.git 342
2023-04-13 13:12:36.721 [info] ExtensionService#_doActivateExtension vscode.npm, startup: false, activationEvent: 'onLanguage:properties'
2023-04-13 13:12:36.721 [info] ExtensionService#_doActivateExtension vscode.emmet, startup: false, activationEvent: 'onLanguage'
2023-04-13 13:13:05.144 [warning] [Decorations] CAPPING events from decorations provider vscode.git 342
2023-04-13 13:13:13.886 [warning] [Decorations] CAPPING events from decorations provider vscode.git 342
2023-04-13 13:13:18.903 [warning] [Decorations] CAPPING events from decorations provider vscode.git 341
2023-04-13 13:14:27.442 [info] ExtensionService#_doActivateExtension vscode.configuration-editing, startup: false, activationEvent: 'onLanguage:jsonc'
2023-04-13 13:14:27.442 [info] ExtensionService#_doActivateExtension vscode.json-language-features, startup: false, activationEvent: 'onLanguage:jsonc'
2023-04-13 13:14:27.442 [info] ExtensionService#_doActivateExtension vscode.typescript-language-features, startup: false, activationEvent: 'onLanguage:jsonc'
2023-04-13 13:15:10.039 [info] ExtensionService#_doActivateExtension vscode.extension-editing, startup: false, activationEvent: 'onLanguage:ignore'
2023-04-13 13:18:07.221 [info] ExtensionService#_doActivateExtension vscode.markdown-language-features, startup: false, activationEvent: 'onLanguage:markdown'
2023-04-13 13:18:07.465 [info] ExtensionService#_doActivateExtension vscode.markdown-math, startup: false, activationEvent: 'api', root cause: vscode.markdown-language-features
2023-04-13 13:26:55.134 [error] Error: spawn git ENOENT
	at ChildProcess._handle.onexit (node:internal/child_process:283:19)
	at onErrorNT (node:internal/child_process:478:16)
	at process.processTicksAndRejections (node:internal/process/task_queues:83:21)
2023-04-13 13:26:56.135 [error] Error: spawn git ENOENT
	at ChildProcess._handle.onexit (node:internal/child_process:283:19)
	at onErrorNT (node:internal/child_process:478:16)
	at process.processTicksAndRejections (node:internal/process/task_queues:83:21)
